d:\datall\datall\cm\instrument\mcu\daq\v2.2207\visualgdb\debug\card.link.rsp
d:\datall\datall\cm\instrument\mcu\daq\v2.2207\visualgdb\debug\card.bin
d:\datall\datall\cm\instrument\mcu\daq\v2.2207\visualgdb\debug\card
d:\datall\datall\cm\instrument\mcu\daq\v2.2207\card\visualgdb\debug\freertos.o
d:\datall\datall\cm\instrument\mcu\daq\v2.2207\card\visualgdb\debug\main.o
d:\datall\datall\cm\instrument\mcu\daq\v2.2207\card\visualgdb\debug\system_stm32h7xx.o
d:\datall\datall\cm\instrument\mcu\daq\v2.2207\card\visualgdb\debug\freertos.dep
d:\datall\datall\cm\instrument\mcu\daq\v2.2207\card\visualgdb\debug\main.dep
d:\datall\datall\cm\instrument\mcu\daq\v2.2207\card\visualgdb\debug\system_stm32h7xx.dep
d:\datall\datall\cm\instrument\mcu\daq\v2.2207\card\visualgdb\debug\freertos.gcc.rsp
d:\datall\datall\cm\instrument\mcu\daq\v2.2207\card\visualgdb\debug\main.gcc.rsp
d:\datall\datall\cm\instrument\mcu\daq\v2.2207\card\visualgdb\debug\system_stm32h7xx.gcc.rsp
d:\datall\datall\cm\instrument\mcu\daq\v2.2207\card\visualgdb\debug\card.alldeps
d:\datall\datall\cm\instrument\mcu\daq\v2.2207\card\visualgdb\debug\_7_\_library\arm\driver\hal\adc.o
d:\datall\datall\cm\instrument\mcu\daq\v2.2207\card\visualgdb\debug\_7_\_library\arm\driver\hal\beeper.o
d:\datall\datall\cm\instrument\mcu\daq\v2.2207\card\visualgdb\debug\_7_\_library\arm\driver\hal\crc.o
d:\datall\datall\cm\instrument\mcu\daq\v2.2207\card\visualgdb\debug\_7_\_library\arm\driver\hal\delay.o
d:\datall\datall\cm\instrument\mcu\daq\v2.2207\card\visualgdb\debug\_7_\_library\arm\driver\hal\fifo.o
d:\datall\datall\cm\instrument\mcu\daq\v2.2207\card\visualgdb\debug\_7_\_library\arm\driver\hal\i2c.o
d:\datall\datall\cm\instrument\mcu\daq\v2.2207\card\visualgdb\debug\_7_\_library\arm\driver\hal\io.o
d:\datall\datall\cm\instrument\mcu\daq\v2.2207\card\visualgdb\debug\_7_\_library\arm\driver\hal\iwdg.o
d:\datall\datall\cm\instrument\mcu\daq\v2.2207\card\visualgdb\debug\_7_\_library\arm\driver\hal\led.o
d:\datall\datall\cm\instrument\mcu\daq\v2.2207\card\visualgdb\debug\_7_\_library\arm\driver\hal\pwm.o
d:\datall\datall\cm\instrument\mcu\daq\v2.2207\card\visualgdb\debug\_7_\_library\arm\driver\hal\rng.o
d:\datall\datall\cm\instrument\mcu\daq\v2.2207\card\visualgdb\debug\_7_\_library\arm\driver\hal\spi.o
d:\datall\datall\cm\instrument\mcu\daq\v2.2207\card\visualgdb\debug\_7_\_library\arm\driver\hal\systime.o
d:\datall\datall\cm\instrument\mcu\daq\v2.2207\card\visualgdb\debug\_7_\_library\arm\driver\hal\timer.o
d:\datall\datall\cm\instrument\mcu\daq\v2.2207\card\visualgdb\debug\_7_\_library\arm\driver\hal\uart.o
d:\datall\datall\cm\instrument\mcu\daq\v2.2207\card\visualgdb\debug\_7_\_library\arm\driver\hal\utilities.o
d:\datall\datall\cm\instrument\mcu\daq\v2.2207\card\visualgdb\debug\_7_\_library\arm\driver\hal\adc.dep
d:\datall\datall\cm\instrument\mcu\daq\v2.2207\card\visualgdb\debug\_7_\_library\arm\driver\hal\beeper.dep
d:\datall\datall\cm\instrument\mcu\daq\v2.2207\card\visualgdb\debug\_7_\_library\arm\driver\hal\crc.dep
d:\datall\datall\cm\instrument\mcu\daq\v2.2207\card\visualgdb\debug\_7_\_library\arm\driver\hal\delay.dep
d:\datall\datall\cm\instrument\mcu\daq\v2.2207\card\visualgdb\debug\_7_\_library\arm\driver\hal\fifo.dep
d:\datall\datall\cm\instrument\mcu\daq\v2.2207\card\visualgdb\debug\_7_\_library\arm\driver\hal\i2c.dep
d:\datall\datall\cm\instrument\mcu\daq\v2.2207\card\visualgdb\debug\_7_\_library\arm\driver\hal\io.dep
d:\datall\datall\cm\instrument\mcu\daq\v2.2207\card\visualgdb\debug\_7_\_library\arm\driver\hal\iwdg.dep
d:\datall\datall\cm\instrument\mcu\daq\v2.2207\card\visualgdb\debug\_7_\_library\arm\driver\hal\led.dep
d:\datall\datall\cm\instrument\mcu\daq\v2.2207\card\visualgdb\debug\_7_\_library\arm\driver\hal\pwm.dep
d:\datall\datall\cm\instrument\mcu\daq\v2.2207\card\visualgdb\debug\_7_\_library\arm\driver\hal\rng.dep
d:\datall\datall\cm\instrument\mcu\daq\v2.2207\card\visualgdb\debug\_7_\_library\arm\driver\hal\spi.dep
d:\datall\datall\cm\instrument\mcu\daq\v2.2207\card\visualgdb\debug\_7_\_library\arm\driver\hal\systime.dep
d:\datall\datall\cm\instrument\mcu\daq\v2.2207\card\visualgdb\debug\_7_\_library\arm\driver\hal\timer.dep
d:\datall\datall\cm\instrument\mcu\daq\v2.2207\card\visualgdb\debug\_7_\_library\arm\driver\hal\uart.dep
d:\datall\datall\cm\instrument\mcu\daq\v2.2207\card\visualgdb\debug\_7_\_library\arm\driver\hal\utilities.dep
d:\datall\datall\cm\instrument\mcu\daq\v2.2207\card\visualgdb\debug\_7_\_library\arm\driver\hal\adc.gcc.rsp
d:\datall\datall\cm\instrument\mcu\daq\v2.2207\card\visualgdb\debug\_7_\_library\arm\driver\hal\beeper.gcc.rsp
d:\datall\datall\cm\instrument\mcu\daq\v2.2207\card\visualgdb\debug\_7_\_library\arm\driver\hal\crc.gcc.rsp
d:\datall\datall\cm\instrument\mcu\daq\v2.2207\card\visualgdb\debug\_7_\_library\arm\driver\hal\delay.gcc.rsp
d:\datall\datall\cm\instrument\mcu\daq\v2.2207\card\visualgdb\debug\_7_\_library\arm\driver\hal\fifo.gcc.rsp
d:\datall\datall\cm\instrument\mcu\daq\v2.2207\card\visualgdb\debug\_7_\_library\arm\driver\hal\i2c.gcc.rsp
d:\datall\datall\cm\instrument\mcu\daq\v2.2207\card\visualgdb\debug\_7_\_library\arm\driver\hal\io.gcc.rsp
d:\datall\datall\cm\instrument\mcu\daq\v2.2207\card\visualgdb\debug\_7_\_library\arm\driver\hal\iwdg.gcc.rsp
d:\datall\datall\cm\instrument\mcu\daq\v2.2207\card\visualgdb\debug\_7_\_library\arm\driver\hal\led.gcc.rsp
d:\datall\datall\cm\instrument\mcu\daq\v2.2207\card\visualgdb\debug\_7_\_library\arm\driver\hal\pwm.gcc.rsp
d:\datall\datall\cm\instrument\mcu\daq\v2.2207\card\visualgdb\debug\_7_\_library\arm\driver\hal\rng.gcc.rsp
d:\datall\datall\cm\instrument\mcu\daq\v2.2207\card\visualgdb\debug\_7_\_library\arm\driver\hal\spi.gcc.rsp
d:\datall\datall\cm\instrument\mcu\daq\v2.2207\card\visualgdb\debug\_7_\_library\arm\driver\hal\systime.gcc.rsp
d:\datall\datall\cm\instrument\mcu\daq\v2.2207\card\visualgdb\debug\_7_\_library\arm\driver\hal\timer.gcc.rsp
d:\datall\datall\cm\instrument\mcu\daq\v2.2207\card\visualgdb\debug\_7_\_library\arm\driver\hal\uart.gcc.rsp
d:\datall\datall\cm\instrument\mcu\daq\v2.2207\card\visualgdb\debug\_7_\_library\arm\driver\hal\utilities.gcc.rsp
d:\datall\datall\cm\instrument\mcu\daq\v2.2207\card\visualgdb\debug\_7_\_library\arm\library\ad\ad.o
d:\datall\datall\cm\instrument\mcu\daq\v2.2207\card\visualgdb\debug\_7_\_library\arm\library\ad\ad.dep
d:\datall\datall\cm\instrument\mcu\daq\v2.2207\card\visualgdb\debug\_7_\_library\arm\library\ad\ad.gcc.rsp
d:\datall\datall\cm\instrument\mcu\daq\v2.2207\card\visualgdb\debug\_7_\_library\arm\library\ad\hw\ad7686.o
d:\datall\datall\cm\instrument\mcu\daq\v2.2207\card\visualgdb\debug\_7_\_library\arm\library\ad\hw\ad7686.dep
d:\datall\datall\cm\instrument\mcu\daq\v2.2207\card\visualgdb\debug\_7_\_library\arm\library\ad\hw\ad7686.gcc.rsp
d:\datall\datall\cm\instrument\mcu\daq\v2.2207\card\visualgdb\debug\_7_\_library\arm\library\audio\audio.o
d:\datall\datall\cm\instrument\mcu\daq\v2.2207\card\visualgdb\debug\_7_\_library\arm\library\audio\audio.dep
d:\datall\datall\cm\instrument\mcu\daq\v2.2207\card\visualgdb\debug\_7_\_library\arm\library\audio\audio.gcc.rsp
d:\datall\datall\cm\instrument\mcu\daq\v2.2207\card\visualgdb\debug\_7_\_library\arm\library\audio\hw\buzzer.o
d:\datall\datall\cm\instrument\mcu\daq\v2.2207\card\visualgdb\debug\_7_\_library\arm\library\audio\hw\buzzer.dep
d:\datall\datall\cm\instrument\mcu\daq\v2.2207\card\visualgdb\debug\_7_\_library\arm\library\audio\hw\buzzer.gcc.rsp
d:\datall\datall\cm\instrument\mcu\daq\v2.2207\card\visualgdb\debug\_7_\_library\arm\library\lan\app\client_netconn.o
d:\datall\datall\cm\instrument\mcu\daq\v2.2207\card\visualgdb\debug\_7_\_library\arm\library\lan\app\httpserver_netconn.o
d:\datall\datall\cm\instrument\mcu\daq\v2.2207\card\visualgdb\debug\_7_\_library\arm\library\lan\app\sockets_stresstest.o
d:\datall\datall\cm\instrument\mcu\daq\v2.2207\card\visualgdb\debug\_7_\_library\arm\library\lan\app\tcp_echoclient.o
d:\datall\datall\cm\instrument\mcu\daq\v2.2207\card\visualgdb\debug\_7_\_library\arm\library\lan\app\client_netconn.dep
d:\datall\datall\cm\instrument\mcu\daq\v2.2207\card\visualgdb\debug\_7_\_library\arm\library\lan\app\httpserver_netconn.dep
d:\datall\datall\cm\instrument\mcu\daq\v2.2207\card\visualgdb\debug\_7_\_library\arm\library\lan\app\sockets_stresstest.dep
d:\datall\datall\cm\instrument\mcu\daq\v2.2207\card\visualgdb\debug\_7_\_library\arm\library\lan\app\tcp_echoclient.dep
d:\datall\datall\cm\instrument\mcu\daq\v2.2207\card\visualgdb\debug\_7_\_library\arm\library\lan\app\client_netconn.gcc.rsp
d:\datall\datall\cm\instrument\mcu\daq\v2.2207\card\visualgdb\debug\_7_\_library\arm\library\lan\app\httpserver_netconn.gcc.rsp
d:\datall\datall\cm\instrument\mcu\daq\v2.2207\card\visualgdb\debug\_7_\_library\arm\library\lan\app\sockets_stresstest.gcc.rsp
d:\datall\datall\cm\instrument\mcu\daq\v2.2207\card\visualgdb\debug\_7_\_library\arm\library\lan\app\tcp_echoclient.gcc.rsp
d:\datall\datall\cm\instrument\mcu\daq\v2.2207\card\visualgdb\debug\_7_\_library\arm\library\memory\hw\w25qxx.o
d:\datall\datall\cm\instrument\mcu\daq\v2.2207\card\visualgdb\debug\_7_\_library\arm\library\memory\hw\w25qxx.dep
d:\datall\datall\cm\instrument\mcu\daq\v2.2207\card\visualgdb\debug\_7_\_library\arm\library\memory\hw\w25qxx.gcc.rsp
d:\datall\datall\cm\instrument\mcu\daq\v2.2207\card\visualgdb\debug\_7_\_library\arm\library\memory\memory.o
d:\datall\datall\cm\instrument\mcu\daq\v2.2207\card\visualgdb\debug\_7_\_library\arm\library\memory\memory.dep
d:\datall\datall\cm\instrument\mcu\daq\v2.2207\card\visualgdb\debug\_7_\_library\arm\library\memory\memory.gcc.rsp
d:\datall\datall\cm\instrument\mcu\daq\v2.2207\card\visualgdb\debug\_7_\_library\arm\library\modbus\modbus.o
d:\datall\datall\cm\instrument\mcu\daq\v2.2207\card\visualgdb\debug\_7_\_library\arm\library\modbus\modbus.dep
d:\datall\datall\cm\instrument\mcu\daq\v2.2207\card\visualgdb\debug\_7_\_library\arm\library\modbus\modbus.gcc.rsp
d:\datall\datall\cm\instrument\mcu\daq\v2.2207\card\visualgdb\debug\_7_\_library\arm\library\rgb\hw\ws2812.o
d:\datall\datall\cm\instrument\mcu\daq\v2.2207\card\visualgdb\debug\_7_\_library\arm\library\rgb\hw\ws2812.dep
d:\datall\datall\cm\instrument\mcu\daq\v2.2207\card\visualgdb\debug\_7_\_library\arm\library\rgb\hw\ws2812.gcc.rsp
d:\datall\datall\cm\instrument\mcu\daq\v2.2207\card\visualgdb\debug\_7_\_library\arm\library\rgb\rgb.o
d:\datall\datall\cm\instrument\mcu\daq\v2.2207\card\visualgdb\debug\_7_\_library\arm\library\rgb\rgb.dep
d:\datall\datall\cm\instrument\mcu\daq\v2.2207\card\visualgdb\debug\_7_\_library\arm\library\rgb\rgb.gcc.rsp
d:\datall\datall\cm\instrument\mcu\daq\v2.2207\card\visualgdb\debug\_7_\_library\arm\library\rtcc\convertcalendar.o
d:\datall\datall\cm\instrument\mcu\daq\v2.2207\card\visualgdb\debug\_7_\_library\arm\library\rtcc\rtcc.o
d:\datall\datall\cm\instrument\mcu\daq\v2.2207\card\visualgdb\debug\_7_\_library\arm\library\rtcc\convertcalendar.dep
d:\datall\datall\cm\instrument\mcu\daq\v2.2207\card\visualgdb\debug\_7_\_library\arm\library\rtcc\rtcc.dep
d:\datall\datall\cm\instrument\mcu\daq\v2.2207\card\visualgdb\debug\_7_\_library\arm\library\rtcc\convertcalendar.gcc.rsp
d:\datall\datall\cm\instrument\mcu\daq\v2.2207\card\visualgdb\debug\_7_\_library\arm\library\rtcc\rtcc.gcc.rsp
d:\datall\datall\cm\instrument\mcu\daq\v2.2207\card\visualgdb\debug\_7_\_library\arm\library\rtcc\hw\ds1307.o
d:\datall\datall\cm\instrument\mcu\daq\v2.2207\card\visualgdb\debug\_7_\_library\arm\library\rtcc\hw\ds1307.dep
d:\datall\datall\cm\instrument\mcu\daq\v2.2207\card\visualgdb\debug\_7_\_library\arm\library\rtcc\hw\ds1307.gcc.rsp
d:\datall\datall\cm\instrument\mcu\daq\v2.2207\card\visualgdb\debug\_7_\_library\arm\library\sensor\hw\sht2x.o
d:\datall\datall\cm\instrument\mcu\daq\v2.2207\card\visualgdb\debug\_7_\_library\arm\library\sensor\hw\sht2x.dep
d:\datall\datall\cm\instrument\mcu\daq\v2.2207\card\visualgdb\debug\_7_\_library\arm\library\sensor\hw\sht2x.gcc.rsp
d:\datall\datall\cm\instrument\mcu\daq\v2.2207\card\visualgdb\debug\_7_\_library\arm\library\sensor\sensor.o
d:\datall\datall\cm\instrument\mcu\daq\v2.2207\card\visualgdb\debug\_7_\_library\arm\library\sensor\sensor.dep
d:\datall\datall\cm\instrument\mcu\daq\v2.2207\card\visualgdb\debug\_7_\_library\arm\library\sensor\sensor.gcc.rsp
d:\datall\datall\cm\instrument\mcu\daq\v2.2207\card\visualgdb\debug\_7_\_library\arm\library\usb\class\cdc\usbd_cdc.o
d:\datall\datall\cm\instrument\mcu\daq\v2.2207\card\visualgdb\debug\_7_\_library\arm\library\usb\class\cdc\usbd_cdc.dep
d:\datall\datall\cm\instrument\mcu\daq\v2.2207\card\visualgdb\debug\_7_\_library\arm\library\usb\class\cdc\usbd_cdc.gcc.rsp
d:\datall\datall\cm\instrument\mcu\daq\v2.2207\card\visualgdb\debug\_7_\_library\arm\library\usb\core\usbd_core.o
d:\datall\datall\cm\instrument\mcu\daq\v2.2207\card\visualgdb\debug\_7_\_library\arm\library\usb\core\usbd_ctlreq.o
d:\datall\datall\cm\instrument\mcu\daq\v2.2207\card\visualgdb\debug\_7_\_library\arm\library\usb\core\usbd_ioreq.o
d:\datall\datall\cm\instrument\mcu\daq\v2.2207\card\visualgdb\debug\_7_\_library\arm\library\usb\core\usbd_core.dep
d:\datall\datall\cm\instrument\mcu\daq\v2.2207\card\visualgdb\debug\_7_\_library\arm\library\usb\core\usbd_ctlreq.dep
d:\datall\datall\cm\instrument\mcu\daq\v2.2207\card\visualgdb\debug\_7_\_library\arm\library\usb\core\usbd_ioreq.dep
d:\datall\datall\cm\instrument\mcu\daq\v2.2207\card\visualgdb\debug\_7_\_library\arm\library\usb\core\usbd_core.gcc.rsp
d:\datall\datall\cm\instrument\mcu\daq\v2.2207\card\visualgdb\debug\_7_\_library\arm\library\usb\core\usbd_ctlreq.gcc.rsp
d:\datall\datall\cm\instrument\mcu\daq\v2.2207\card\visualgdb\debug\_7_\_library\arm\library\usb\core\usbd_ioreq.gcc.rsp
d:\datall\datall\cm\instrument\mcu\daq\v2.2207\card\visualgdb\debug\_7_\_library\arm\library\usb\usb.o
d:\datall\datall\cm\instrument\mcu\daq\v2.2207\card\visualgdb\debug\_7_\_library\arm\library\usb\usb.dep
d:\datall\datall\cm\instrument\mcu\daq\v2.2207\card\visualgdb\debug\_7_\_library\arm\library\usb\usb.gcc.rsp
d:\datall\datall\cm\instrument\mcu\daq\v2.2207\card\visualgdb\debug\board\board.o
d:\datall\datall\cm\instrument\mcu\daq\v2.2207\card\visualgdb\debug\board\timebase.o
d:\datall\datall\cm\instrument\mcu\daq\v2.2207\card\visualgdb\debug\board\board.dep
d:\datall\datall\cm\instrument\mcu\daq\v2.2207\card\visualgdb\debug\board\timebase.dep
d:\datall\datall\cm\instrument\mcu\daq\v2.2207\card\visualgdb\debug\board\board.gcc.rsp
d:\datall\datall\cm\instrument\mcu\daq\v2.2207\card\visualgdb\debug\board\timebase.gcc.rsp
d:\datall\datall\cm\instrument\mcu\daq\v2.2207\card\visualgdb\debug\task\taskcom.o
d:\datall\datall\cm\instrument\mcu\daq\v2.2207\card\visualgdb\debug\task\taskmain.o
d:\datall\datall\cm\instrument\mcu\daq\v2.2207\card\visualgdb\debug\task\taskcom.dep
d:\datall\datall\cm\instrument\mcu\daq\v2.2207\card\visualgdb\debug\task\taskmain.dep
d:\datall\datall\cm\instrument\mcu\daq\v2.2207\card\visualgdb\debug\task\taskcom.gcc.rsp
d:\datall\datall\cm\instrument\mcu\daq\v2.2207\card\visualgdb\debug\task\taskmain.gcc.rsp
d:\datall\datall\cm\instrument\mcu\daq\v2.2207\card\visualgdb\debug\usb\usbd_conf.o
d:\datall\datall\cm\instrument\mcu\daq\v2.2207\card\visualgdb\debug\usb\usbd_desc.o
d:\datall\datall\cm\instrument\mcu\daq\v2.2207\card\visualgdb\debug\usb\usbd_conf.dep
d:\datall\datall\cm\instrument\mcu\daq\v2.2207\card\visualgdb\debug\usb\usbd_desc.dep
d:\datall\datall\cm\instrument\mcu\daq\v2.2207\card\visualgdb\debug\usb\usbd_conf.gcc.rsp
d:\datall\datall\cm\instrument\mcu\daq\v2.2207\card\visualgdb\debug\usb\usbd_desc.gcc.rsp
d:\datall\datall\cm\instrument\mcu\daq\v2.2207\card\visualgdb\debug\__bsp_root__\stm32h7xxxx\startupfiles\startup_stm32h743xx.o
d:\datall\datall\cm\instrument\mcu\daq\v2.2207\card\visualgdb\debug\__bsp_root__\stm32h7xxxx\startupfiles\startup_stm32h743xx.dep
d:\datall\datall\cm\instrument\mcu\daq\v2.2207\card\visualgdb\debug\__bsp_root__\stm32h7xxxx\startupfiles\startup_stm32h743xx.gcc.rsp
d:\datall\datall\cm\instrument\mcu\daq\v2.2207\card\visualgdb\debug\__bsp_root__\stm32h7xxxx\stm32h7xx_hal_driver\src\stm32h7xx_hal.o
d:\datall\datall\cm\instrument\mcu\daq\v2.2207\card\visualgdb\debug\__bsp_root__\stm32h7xxxx\stm32h7xx_hal_driver\src\stm32h7xx_hal_adc.o
d:\datall\datall\cm\instrument\mcu\daq\v2.2207\card\visualgdb\debug\__bsp_root__\stm32h7xxxx\stm32h7xx_hal_driver\src\stm32h7xx_hal_adc_ex.o
d:\datall\datall\cm\instrument\mcu\daq\v2.2207\card\visualgdb\debug\__bsp_root__\stm32h7xxxx\stm32h7xx_hal_driver\src\stm32h7xx_hal_cec.o
d:\datall\datall\cm\instrument\mcu\daq\v2.2207\card\visualgdb\debug\__bsp_root__\stm32h7xxxx\stm32h7xx_hal_driver\src\stm32h7xx_hal_comp.o
d:\datall\datall\cm\instrument\mcu\daq\v2.2207\card\visualgdb\debug\__bsp_root__\stm32h7xxxx\stm32h7xx_hal_driver\src\stm32h7xx_hal_cordic.o
d:\datall\datall\cm\instrument\mcu\daq\v2.2207\card\visualgdb\debug\__bsp_root__\stm32h7xxxx\stm32h7xx_hal_driver\src\stm32h7xx_hal_cortex.o
d:\datall\datall\cm\instrument\mcu\daq\v2.2207\card\visualgdb\debug\__bsp_root__\stm32h7xxxx\stm32h7xx_hal_driver\src\stm32h7xx_hal_crc.o
d:\datall\datall\cm\instrument\mcu\daq\v2.2207\card\visualgdb\debug\__bsp_root__\stm32h7xxxx\stm32h7xx_hal_driver\src\stm32h7xx_hal_crc_ex.o
d:\datall\datall\cm\instrument\mcu\daq\v2.2207\card\visualgdb\debug\__bsp_root__\stm32h7xxxx\stm32h7xx_hal_driver\src\stm32h7xx_hal_cryp.o
d:\datall\datall\cm\instrument\mcu\daq\v2.2207\card\visualgdb\debug\__bsp_root__\stm32h7xxxx\stm32h7xx_hal_driver\src\stm32h7xx_hal_cryp_ex.o
d:\datall\datall\cm\instrument\mcu\daq\v2.2207\card\visualgdb\debug\__bsp_root__\stm32h7xxxx\stm32h7xx_hal_driver\src\stm32h7xx_hal_dac.o
d:\datall\datall\cm\instrument\mcu\daq\v2.2207\card\visualgdb\debug\__bsp_root__\stm32h7xxxx\stm32h7xx_hal_driver\src\stm32h7xx_hal_dac_ex.o
d:\datall\datall\cm\instrument\mcu\daq\v2.2207\card\visualgdb\debug\__bsp_root__\stm32h7xxxx\stm32h7xx_hal_driver\src\stm32h7xx_hal_dcmi.o
d:\datall\datall\cm\instrument\mcu\daq\v2.2207\card\visualgdb\debug\__bsp_root__\stm32h7xxxx\stm32h7xx_hal_driver\src\stm32h7xx_hal_dfsdm.o
d:\datall\datall\cm\instrument\mcu\daq\v2.2207\card\visualgdb\debug\__bsp_root__\stm32h7xxxx\stm32h7xx_hal_driver\src\stm32h7xx_hal_dfsdm_ex.o
d:\datall\datall\cm\instrument\mcu\daq\v2.2207\card\visualgdb\debug\__bsp_root__\stm32h7xxxx\stm32h7xx_hal_driver\src\stm32h7xx_hal_dma.o
d:\datall\datall\cm\instrument\mcu\daq\v2.2207\card\visualgdb\debug\__bsp_root__\stm32h7xxxx\stm32h7xx_hal_driver\src\stm32h7xx_hal_dma2d.o
d:\datall\datall\cm\instrument\mcu\daq\v2.2207\card\visualgdb\debug\__bsp_root__\stm32h7xxxx\stm32h7xx_hal_driver\src\stm32h7xx_hal_dma_ex.o
d:\datall\datall\cm\instrument\mcu\daq\v2.2207\card\visualgdb\debug\__bsp_root__\stm32h7xxxx\stm32h7xx_hal_driver\src\stm32h7xx_hal_dsi.o
d:\datall\datall\cm\instrument\mcu\daq\v2.2207\card\visualgdb\debug\__bsp_root__\stm32h7xxxx\stm32h7xx_hal_driver\src\stm32h7xx_hal_dts.o
d:\datall\datall\cm\instrument\mcu\daq\v2.2207\card\visualgdb\debug\__bsp_root__\stm32h7xxxx\stm32h7xx_hal_driver\src\stm32h7xx_hal_eth.o
d:\datall\datall\cm\instrument\mcu\daq\v2.2207\card\visualgdb\debug\__bsp_root__\stm32h7xxxx\stm32h7xx_hal_driver\src\stm32h7xx_hal_eth_ex.o
d:\datall\datall\cm\instrument\mcu\daq\v2.2207\card\visualgdb\debug\__bsp_root__\stm32h7xxxx\stm32h7xx_hal_driver\src\stm32h7xx_hal_exti.o
d:\datall\datall\cm\instrument\mcu\daq\v2.2207\card\visualgdb\debug\__bsp_root__\stm32h7xxxx\stm32h7xx_hal_driver\src\stm32h7xx_hal_fdcan.o
d:\datall\datall\cm\instrument\mcu\daq\v2.2207\card\visualgdb\debug\__bsp_root__\stm32h7xxxx\stm32h7xx_hal_driver\src\stm32h7xx_hal_flash.o
d:\datall\datall\cm\instrument\mcu\daq\v2.2207\card\visualgdb\debug\__bsp_root__\stm32h7xxxx\stm32h7xx_hal_driver\src\stm32h7xx_hal_flash_ex.o
d:\datall\datall\cm\instrument\mcu\daq\v2.2207\card\visualgdb\debug\__bsp_root__\stm32h7xxxx\stm32h7xx_hal_driver\src\stm32h7xx_hal_fmac.o
d:\datall\datall\cm\instrument\mcu\daq\v2.2207\card\visualgdb\debug\__bsp_root__\stm32h7xxxx\stm32h7xx_hal_driver\src\stm32h7xx_hal_gfxmmu.o
d:\datall\datall\cm\instrument\mcu\daq\v2.2207\card\visualgdb\debug\__bsp_root__\stm32h7xxxx\stm32h7xx_hal_driver\src\stm32h7xx_hal_gpio.o
d:\datall\datall\cm\instrument\mcu\daq\v2.2207\card\visualgdb\debug\__bsp_root__\stm32h7xxxx\stm32h7xx_hal_driver\src\stm32h7xx_hal_hash.o
d:\datall\datall\cm\instrument\mcu\daq\v2.2207\card\visualgdb\debug\__bsp_root__\stm32h7xxxx\stm32h7xx_hal_driver\src\stm32h7xx_hal_hash_ex.o
d:\datall\datall\cm\instrument\mcu\daq\v2.2207\card\visualgdb\debug\__bsp_root__\stm32h7xxxx\stm32h7xx_hal_driver\src\stm32h7xx_hal_hcd.o
d:\datall\datall\cm\instrument\mcu\daq\v2.2207\card\visualgdb\debug\__bsp_root__\stm32h7xxxx\stm32h7xx_hal_driver\src\stm32h7xx_hal_hrtim.o
d:\datall\datall\cm\instrument\mcu\daq\v2.2207\card\visualgdb\debug\__bsp_root__\stm32h7xxxx\stm32h7xx_hal_driver\src\stm32h7xx_hal_hsem.o
d:\datall\datall\cm\instrument\mcu\daq\v2.2207\card\visualgdb\debug\__bsp_root__\stm32h7xxxx\stm32h7xx_hal_driver\src\stm32h7xx_hal_i2c.o
d:\datall\datall\cm\instrument\mcu\daq\v2.2207\card\visualgdb\debug\__bsp_root__\stm32h7xxxx\stm32h7xx_hal_driver\src\stm32h7xx_hal_i2c_ex.o
d:\datall\datall\cm\instrument\mcu\daq\v2.2207\card\visualgdb\debug\__bsp_root__\stm32h7xxxx\stm32h7xx_hal_driver\src\stm32h7xx_hal_i2s.o
d:\datall\datall\cm\instrument\mcu\daq\v2.2207\card\visualgdb\debug\__bsp_root__\stm32h7xxxx\stm32h7xx_hal_driver\src\stm32h7xx_hal_i2s_ex.o
d:\datall\datall\cm\instrument\mcu\daq\v2.2207\card\visualgdb\debug\__bsp_root__\stm32h7xxxx\stm32h7xx_hal_driver\src\stm32h7xx_hal_irda.o
d:\datall\datall\cm\instrument\mcu\daq\v2.2207\card\visualgdb\debug\__bsp_root__\stm32h7xxxx\stm32h7xx_hal_driver\src\stm32h7xx_hal_iwdg.o
d:\datall\datall\cm\instrument\mcu\daq\v2.2207\card\visualgdb\debug\__bsp_root__\stm32h7xxxx\stm32h7xx_hal_driver\src\stm32h7xx_hal_jpeg.o
d:\datall\datall\cm\instrument\mcu\daq\v2.2207\card\visualgdb\debug\__bsp_root__\stm32h7xxxx\stm32h7xx_hal_driver\src\stm32h7xx_hal_lptim.o
d:\datall\datall\cm\instrument\mcu\daq\v2.2207\card\visualgdb\debug\__bsp_root__\stm32h7xxxx\stm32h7xx_hal_driver\src\stm32h7xx_hal_ltdc.o
d:\datall\datall\cm\instrument\mcu\daq\v2.2207\card\visualgdb\debug\__bsp_root__\stm32h7xxxx\stm32h7xx_hal_driver\src\stm32h7xx_hal_ltdc_ex.o
d:\datall\datall\cm\instrument\mcu\daq\v2.2207\card\visualgdb\debug\__bsp_root__\stm32h7xxxx\stm32h7xx_hal_driver\src\stm32h7xx_hal_mdios.o
d:\datall\datall\cm\instrument\mcu\daq\v2.2207\card\visualgdb\debug\__bsp_root__\stm32h7xxxx\stm32h7xx_hal_driver\src\stm32h7xx_hal_mdma.o
d:\datall\datall\cm\instrument\mcu\daq\v2.2207\card\visualgdb\debug\__bsp_root__\stm32h7xxxx\stm32h7xx_hal_driver\src\stm32h7xx_hal_mmc.o
d:\datall\datall\cm\instrument\mcu\daq\v2.2207\card\visualgdb\debug\__bsp_root__\stm32h7xxxx\stm32h7xx_hal_driver\src\stm32h7xx_hal_mmc_ex.o
d:\datall\datall\cm\instrument\mcu\daq\v2.2207\card\visualgdb\debug\__bsp_root__\stm32h7xxxx\stm32h7xx_hal_driver\src\stm32h7xx_hal_nand.o
d:\datall\datall\cm\instrument\mcu\daq\v2.2207\card\visualgdb\debug\__bsp_root__\stm32h7xxxx\stm32h7xx_hal_driver\src\stm32h7xx_hal_nor.o
d:\datall\datall\cm\instrument\mcu\daq\v2.2207\card\visualgdb\debug\__bsp_root__\stm32h7xxxx\stm32h7xx_hal_driver\src\stm32h7xx_hal_opamp.o
d:\datall\datall\cm\instrument\mcu\daq\v2.2207\card\visualgdb\debug\__bsp_root__\stm32h7xxxx\stm32h7xx_hal_driver\src\stm32h7xx_hal_opamp_ex.o
d:\datall\datall\cm\instrument\mcu\daq\v2.2207\card\visualgdb\debug\__bsp_root__\stm32h7xxxx\stm32h7xx_hal_driver\src\stm32h7xx_hal_ospi.o
d:\datall\datall\cm\instrument\mcu\daq\v2.2207\card\visualgdb\debug\__bsp_root__\stm32h7xxxx\stm32h7xx_hal_driver\src\stm32h7xx_hal_otfdec.o
d:\datall\datall\cm\instrument\mcu\daq\v2.2207\card\visualgdb\debug\__bsp_root__\stm32h7xxxx\stm32h7xx_hal_driver\src\stm32h7xx_hal_pcd.o
d:\datall\datall\cm\instrument\mcu\daq\v2.2207\card\visualgdb\debug\__bsp_root__\stm32h7xxxx\stm32h7xx_hal_driver\src\stm32h7xx_hal_pcd_ex.o
d:\datall\datall\cm\instrument\mcu\daq\v2.2207\card\visualgdb\debug\__bsp_root__\stm32h7xxxx\stm32h7xx_hal_driver\src\stm32h7xx_hal_pssi.o
d:\datall\datall\cm\instrument\mcu\daq\v2.2207\card\visualgdb\debug\__bsp_root__\stm32h7xxxx\stm32h7xx_hal_driver\src\stm32h7xx_hal_pwr.o
d:\datall\datall\cm\instrument\mcu\daq\v2.2207\card\visualgdb\debug\__bsp_root__\stm32h7xxxx\stm32h7xx_hal_driver\src\stm32h7xx_hal_pwr_ex.o
d:\datall\datall\cm\instrument\mcu\daq\v2.2207\card\visualgdb\debug\__bsp_root__\stm32h7xxxx\stm32h7xx_hal_driver\src\stm32h7xx_hal_qspi.o
d:\datall\datall\cm\instrument\mcu\daq\v2.2207\card\visualgdb\debug\__bsp_root__\stm32h7xxxx\stm32h7xx_hal_driver\src\stm32h7xx_hal_ramecc.o
d:\datall\datall\cm\instrument\mcu\daq\v2.2207\card\visualgdb\debug\__bsp_root__\stm32h7xxxx\stm32h7xx_hal_driver\src\stm32h7xx_hal_rcc.o
d:\datall\datall\cm\instrument\mcu\daq\v2.2207\card\visualgdb\debug\__bsp_root__\stm32h7xxxx\stm32h7xx_hal_driver\src\stm32h7xx_hal_rcc_ex.o
d:\datall\datall\cm\instrument\mcu\daq\v2.2207\card\visualgdb\debug\__bsp_root__\stm32h7xxxx\stm32h7xx_hal_driver\src\stm32h7xx_hal_rng.o
d:\datall\datall\cm\instrument\mcu\daq\v2.2207\card\visualgdb\debug\__bsp_root__\stm32h7xxxx\stm32h7xx_hal_driver\src\stm32h7xx_hal_rng_ex.o
d:\datall\datall\cm\instrument\mcu\daq\v2.2207\card\visualgdb\debug\__bsp_root__\stm32h7xxxx\stm32h7xx_hal_driver\src\stm32h7xx_hal_rtc.o
d:\datall\datall\cm\instrument\mcu\daq\v2.2207\card\visualgdb\debug\__bsp_root__\stm32h7xxxx\stm32h7xx_hal_driver\src\stm32h7xx_hal_rtc_ex.o
d:\datall\datall\cm\instrument\mcu\daq\v2.2207\card\visualgdb\debug\__bsp_root__\stm32h7xxxx\stm32h7xx_hal_driver\src\stm32h7xx_hal_sai.o
d:\datall\datall\cm\instrument\mcu\daq\v2.2207\card\visualgdb\debug\__bsp_root__\stm32h7xxxx\stm32h7xx_hal_driver\src\stm32h7xx_hal_sai_ex.o
d:\datall\datall\cm\instrument\mcu\daq\v2.2207\card\visualgdb\debug\__bsp_root__\stm32h7xxxx\stm32h7xx_hal_driver\src\stm32h7xx_hal_sd.o
d:\datall\datall\cm\instrument\mcu\daq\v2.2207\card\visualgdb\debug\__bsp_root__\stm32h7xxxx\stm32h7xx_hal_driver\src\stm32h7xx_hal_sdram.o
d:\datall\datall\cm\instrument\mcu\daq\v2.2207\card\visualgdb\debug\__bsp_root__\stm32h7xxxx\stm32h7xx_hal_driver\src\stm32h7xx_hal_sd_ex.o
d:\datall\datall\cm\instrument\mcu\daq\v2.2207\card\visualgdb\debug\__bsp_root__\stm32h7xxxx\stm32h7xx_hal_driver\src\stm32h7xx_hal_smartcard.o
d:\datall\datall\cm\instrument\mcu\daq\v2.2207\card\visualgdb\debug\__bsp_root__\stm32h7xxxx\stm32h7xx_hal_driver\src\stm32h7xx_hal_smartcard_ex.o
d:\datall\datall\cm\instrument\mcu\daq\v2.2207\card\visualgdb\debug\__bsp_root__\stm32h7xxxx\stm32h7xx_hal_driver\src\stm32h7xx_hal_smbus.o
d:\datall\datall\cm\instrument\mcu\daq\v2.2207\card\visualgdb\debug\__bsp_root__\stm32h7xxxx\stm32h7xx_hal_driver\src\stm32h7xx_hal_spdifrx.o
d:\datall\datall\cm\instrument\mcu\daq\v2.2207\card\visualgdb\debug\__bsp_root__\stm32h7xxxx\stm32h7xx_hal_driver\src\stm32h7xx_hal_spi.o
d:\datall\datall\cm\instrument\mcu\daq\v2.2207\card\visualgdb\debug\__bsp_root__\stm32h7xxxx\stm32h7xx_hal_driver\src\stm32h7xx_hal_spi_ex.o
d:\datall\datall\cm\instrument\mcu\daq\v2.2207\card\visualgdb\debug\__bsp_root__\stm32h7xxxx\stm32h7xx_hal_driver\src\stm32h7xx_hal_sram.o
d:\datall\datall\cm\instrument\mcu\daq\v2.2207\card\visualgdb\debug\__bsp_root__\stm32h7xxxx\stm32h7xx_hal_driver\src\stm32h7xx_hal_swpmi.o
d:\datall\datall\cm\instrument\mcu\daq\v2.2207\card\visualgdb\debug\__bsp_root__\stm32h7xxxx\stm32h7xx_hal_driver\src\stm32h7xx_hal_tim.o
d:\datall\datall\cm\instrument\mcu\daq\v2.2207\card\visualgdb\debug\__bsp_root__\stm32h7xxxx\stm32h7xx_hal_driver\src\stm32h7xx_hal_tim_ex.o
d:\datall\datall\cm\instrument\mcu\daq\v2.2207\card\visualgdb\debug\__bsp_root__\stm32h7xxxx\stm32h7xx_hal_driver\src\stm32h7xx_hal_uart.o
d:\datall\datall\cm\instrument\mcu\daq\v2.2207\card\visualgdb\debug\__bsp_root__\stm32h7xxxx\stm32h7xx_hal_driver\src\stm32h7xx_hal_uart_ex.o
d:\datall\datall\cm\instrument\mcu\daq\v2.2207\card\visualgdb\debug\__bsp_root__\stm32h7xxxx\stm32h7xx_hal_driver\src\stm32h7xx_hal_usart.o
d:\datall\datall\cm\instrument\mcu\daq\v2.2207\card\visualgdb\debug\__bsp_root__\stm32h7xxxx\stm32h7xx_hal_driver\src\stm32h7xx_hal_usart_ex.o
d:\datall\datall\cm\instrument\mcu\daq\v2.2207\card\visualgdb\debug\__bsp_root__\stm32h7xxxx\stm32h7xx_hal_driver\src\stm32h7xx_hal_wwdg.o
d:\datall\datall\cm\instrument\mcu\daq\v2.2207\card\visualgdb\debug\__bsp_root__\stm32h7xxxx\stm32h7xx_hal_driver\src\stm32h7xx_ll_adc.o
d:\datall\datall\cm\instrument\mcu\daq\v2.2207\card\visualgdb\debug\__bsp_root__\stm32h7xxxx\stm32h7xx_hal_driver\src\stm32h7xx_ll_bdma.o
d:\datall\datall\cm\instrument\mcu\daq\v2.2207\card\visualgdb\debug\__bsp_root__\stm32h7xxxx\stm32h7xx_hal_driver\src\stm32h7xx_ll_comp.o
d:\datall\datall\cm\instrument\mcu\daq\v2.2207\card\visualgdb\debug\__bsp_root__\stm32h7xxxx\stm32h7xx_hal_driver\src\stm32h7xx_ll_cordic.o
d:\datall\datall\cm\instrument\mcu\daq\v2.2207\card\visualgdb\debug\__bsp_root__\stm32h7xxxx\stm32h7xx_hal_driver\src\stm32h7xx_ll_crc.o
d:\datall\datall\cm\instrument\mcu\daq\v2.2207\card\visualgdb\debug\__bsp_root__\stm32h7xxxx\stm32h7xx_hal_driver\src\stm32h7xx_ll_crs.o
d:\datall\datall\cm\instrument\mcu\daq\v2.2207\card\visualgdb\debug\__bsp_root__\stm32h7xxxx\stm32h7xx_hal_driver\src\stm32h7xx_ll_dac.o
d:\datall\datall\cm\instrument\mcu\daq\v2.2207\card\visualgdb\debug\__bsp_root__\stm32h7xxxx\stm32h7xx_hal_driver\src\stm32h7xx_ll_delayblock.o
d:\datall\datall\cm\instrument\mcu\daq\v2.2207\card\visualgdb\debug\__bsp_root__\stm32h7xxxx\stm32h7xx_hal_driver\src\stm32h7xx_ll_dma.o
d:\datall\datall\cm\instrument\mcu\daq\v2.2207\card\visualgdb\debug\__bsp_root__\stm32h7xxxx\stm32h7xx_hal_driver\src\stm32h7xx_ll_dma2d.o
d:\datall\datall\cm\instrument\mcu\daq\v2.2207\card\visualgdb\debug\__bsp_root__\stm32h7xxxx\stm32h7xx_hal_driver\src\stm32h7xx_ll_exti.o
d:\datall\datall\cm\instrument\mcu\daq\v2.2207\card\visualgdb\debug\__bsp_root__\stm32h7xxxx\stm32h7xx_hal_driver\src\stm32h7xx_ll_fmac.o
d:\datall\datall\cm\instrument\mcu\daq\v2.2207\card\visualgdb\debug\__bsp_root__\stm32h7xxxx\stm32h7xx_hal_driver\src\stm32h7xx_ll_fmc.o
d:\datall\datall\cm\instrument\mcu\daq\v2.2207\card\visualgdb\debug\__bsp_root__\stm32h7xxxx\stm32h7xx_hal_driver\src\stm32h7xx_ll_gpio.o
d:\datall\datall\cm\instrument\mcu\daq\v2.2207\card\visualgdb\debug\__bsp_root__\stm32h7xxxx\stm32h7xx_hal_driver\src\stm32h7xx_ll_hrtim.o
d:\datall\datall\cm\instrument\mcu\daq\v2.2207\card\visualgdb\debug\__bsp_root__\stm32h7xxxx\stm32h7xx_hal_driver\src\stm32h7xx_ll_i2c.o
d:\datall\datall\cm\instrument\mcu\daq\v2.2207\card\visualgdb\debug\__bsp_root__\stm32h7xxxx\stm32h7xx_hal_driver\src\stm32h7xx_ll_lptim.o
d:\datall\datall\cm\instrument\mcu\daq\v2.2207\card\visualgdb\debug\__bsp_root__\stm32h7xxxx\stm32h7xx_hal_driver\src\stm32h7xx_ll_lpuart.o
d:\datall\datall\cm\instrument\mcu\daq\v2.2207\card\visualgdb\debug\__bsp_root__\stm32h7xxxx\stm32h7xx_hal_driver\src\stm32h7xx_ll_mdma.o
d:\datall\datall\cm\instrument\mcu\daq\v2.2207\card\visualgdb\debug\__bsp_root__\stm32h7xxxx\stm32h7xx_hal_driver\src\stm32h7xx_ll_opamp.o
d:\datall\datall\cm\instrument\mcu\daq\v2.2207\card\visualgdb\debug\__bsp_root__\stm32h7xxxx\stm32h7xx_hal_driver\src\stm32h7xx_ll_pwr.o
d:\datall\datall\cm\instrument\mcu\daq\v2.2207\card\visualgdb\debug\__bsp_root__\stm32h7xxxx\stm32h7xx_hal_driver\src\stm32h7xx_ll_rcc.o
d:\datall\datall\cm\instrument\mcu\daq\v2.2207\card\visualgdb\debug\__bsp_root__\stm32h7xxxx\stm32h7xx_hal_driver\src\stm32h7xx_ll_rng.o
d:\datall\datall\cm\instrument\mcu\daq\v2.2207\card\visualgdb\debug\__bsp_root__\stm32h7xxxx\stm32h7xx_hal_driver\src\stm32h7xx_ll_rtc.o
d:\datall\datall\cm\instrument\mcu\daq\v2.2207\card\visualgdb\debug\__bsp_root__\stm32h7xxxx\stm32h7xx_hal_driver\src\stm32h7xx_ll_sdmmc.o
d:\datall\datall\cm\instrument\mcu\daq\v2.2207\card\visualgdb\debug\__bsp_root__\stm32h7xxxx\stm32h7xx_hal_driver\src\stm32h7xx_ll_spi.o
d:\datall\datall\cm\instrument\mcu\daq\v2.2207\card\visualgdb\debug\__bsp_root__\stm32h7xxxx\stm32h7xx_hal_driver\src\stm32h7xx_ll_swpmi.o
d:\datall\datall\cm\instrument\mcu\daq\v2.2207\card\visualgdb\debug\__bsp_root__\stm32h7xxxx\stm32h7xx_hal_driver\src\stm32h7xx_ll_tim.o
d:\datall\datall\cm\instrument\mcu\daq\v2.2207\card\visualgdb\debug\__bsp_root__\stm32h7xxxx\stm32h7xx_hal_driver\src\stm32h7xx_ll_usart.o
d:\datall\datall\cm\instrument\mcu\daq\v2.2207\card\visualgdb\debug\__bsp_root__\stm32h7xxxx\stm32h7xx_hal_driver\src\stm32h7xx_ll_usb.o
d:\datall\datall\cm\instrument\mcu\daq\v2.2207\card\visualgdb\debug\__bsp_root__\stm32h7xxxx\stm32h7xx_hal_driver\src\stm32h7xx_ll_utils.o
d:\datall\datall\cm\instrument\mcu\daq\v2.2207\card\visualgdb\debug\__bsp_root__\stm32h7xxxx\stm32h7xx_hal_driver\src\stm32h7xx_hal.dep
d:\datall\datall\cm\instrument\mcu\daq\v2.2207\card\visualgdb\debug\__bsp_root__\stm32h7xxxx\stm32h7xx_hal_driver\src\stm32h7xx_hal_adc.dep
d:\datall\datall\cm\instrument\mcu\daq\v2.2207\card\visualgdb\debug\__bsp_root__\stm32h7xxxx\stm32h7xx_hal_driver\src\stm32h7xx_hal_adc_ex.dep
d:\datall\datall\cm\instrument\mcu\daq\v2.2207\card\visualgdb\debug\__bsp_root__\stm32h7xxxx\stm32h7xx_hal_driver\src\stm32h7xx_hal_cec.dep
d:\datall\datall\cm\instrument\mcu\daq\v2.2207\card\visualgdb\debug\__bsp_root__\stm32h7xxxx\stm32h7xx_hal_driver\src\stm32h7xx_hal_comp.dep
d:\datall\datall\cm\instrument\mcu\daq\v2.2207\card\visualgdb\debug\__bsp_root__\stm32h7xxxx\stm32h7xx_hal_driver\src\stm32h7xx_hal_cordic.dep
d:\datall\datall\cm\instrument\mcu\daq\v2.2207\card\visualgdb\debug\__bsp_root__\stm32h7xxxx\stm32h7xx_hal_driver\src\stm32h7xx_hal_cortex.dep
d:\datall\datall\cm\instrument\mcu\daq\v2.2207\card\visualgdb\debug\__bsp_root__\stm32h7xxxx\stm32h7xx_hal_driver\src\stm32h7xx_hal_crc.dep
d:\datall\datall\cm\instrument\mcu\daq\v2.2207\card\visualgdb\debug\__bsp_root__\stm32h7xxxx\stm32h7xx_hal_driver\src\stm32h7xx_hal_crc_ex.dep
d:\datall\datall\cm\instrument\mcu\daq\v2.2207\card\visualgdb\debug\__bsp_root__\stm32h7xxxx\stm32h7xx_hal_driver\src\stm32h7xx_hal_cryp.dep
d:\datall\datall\cm\instrument\mcu\daq\v2.2207\card\visualgdb\debug\__bsp_root__\stm32h7xxxx\stm32h7xx_hal_driver\src\stm32h7xx_hal_cryp_ex.dep
d:\datall\datall\cm\instrument\mcu\daq\v2.2207\card\visualgdb\debug\__bsp_root__\stm32h7xxxx\stm32h7xx_hal_driver\src\stm32h7xx_hal_dac.dep
d:\datall\datall\cm\instrument\mcu\daq\v2.2207\card\visualgdb\debug\__bsp_root__\stm32h7xxxx\stm32h7xx_hal_driver\src\stm32h7xx_hal_dac_ex.dep
d:\datall\datall\cm\instrument\mcu\daq\v2.2207\card\visualgdb\debug\__bsp_root__\stm32h7xxxx\stm32h7xx_hal_driver\src\stm32h7xx_hal_dcmi.dep
d:\datall\datall\cm\instrument\mcu\daq\v2.2207\card\visualgdb\debug\__bsp_root__\stm32h7xxxx\stm32h7xx_hal_driver\src\stm32h7xx_hal_dfsdm.dep
d:\datall\datall\cm\instrument\mcu\daq\v2.2207\card\visualgdb\debug\__bsp_root__\stm32h7xxxx\stm32h7xx_hal_driver\src\stm32h7xx_hal_dfsdm_ex.dep
d:\datall\datall\cm\instrument\mcu\daq\v2.2207\card\visualgdb\debug\__bsp_root__\stm32h7xxxx\stm32h7xx_hal_driver\src\stm32h7xx_hal_dma.dep
d:\datall\datall\cm\instrument\mcu\daq\v2.2207\card\visualgdb\debug\__bsp_root__\stm32h7xxxx\stm32h7xx_hal_driver\src\stm32h7xx_hal_dma2d.dep
d:\datall\datall\cm\instrument\mcu\daq\v2.2207\card\visualgdb\debug\__bsp_root__\stm32h7xxxx\stm32h7xx_hal_driver\src\stm32h7xx_hal_dma_ex.dep
d:\datall\datall\cm\instrument\mcu\daq\v2.2207\card\visualgdb\debug\__bsp_root__\stm32h7xxxx\stm32h7xx_hal_driver\src\stm32h7xx_hal_dsi.dep
d:\datall\datall\cm\instrument\mcu\daq\v2.2207\card\visualgdb\debug\__bsp_root__\stm32h7xxxx\stm32h7xx_hal_driver\src\stm32h7xx_hal_dts.dep
d:\datall\datall\cm\instrument\mcu\daq\v2.2207\card\visualgdb\debug\__bsp_root__\stm32h7xxxx\stm32h7xx_hal_driver\src\stm32h7xx_hal_eth.dep
d:\datall\datall\cm\instrument\mcu\daq\v2.2207\card\visualgdb\debug\__bsp_root__\stm32h7xxxx\stm32h7xx_hal_driver\src\stm32h7xx_hal_eth_ex.dep
d:\datall\datall\cm\instrument\mcu\daq\v2.2207\card\visualgdb\debug\__bsp_root__\stm32h7xxxx\stm32h7xx_hal_driver\src\stm32h7xx_hal_exti.dep
d:\datall\datall\cm\instrument\mcu\daq\v2.2207\card\visualgdb\debug\__bsp_root__\stm32h7xxxx\stm32h7xx_hal_driver\src\stm32h7xx_hal_fdcan.dep
d:\datall\datall\cm\instrument\mcu\daq\v2.2207\card\visualgdb\debug\__bsp_root__\stm32h7xxxx\stm32h7xx_hal_driver\src\stm32h7xx_hal_flash.dep
d:\datall\datall\cm\instrument\mcu\daq\v2.2207\card\visualgdb\debug\__bsp_root__\stm32h7xxxx\stm32h7xx_hal_driver\src\stm32h7xx_hal_flash_ex.dep
d:\datall\datall\cm\instrument\mcu\daq\v2.2207\card\visualgdb\debug\__bsp_root__\stm32h7xxxx\stm32h7xx_hal_driver\src\stm32h7xx_hal_fmac.dep
d:\datall\datall\cm\instrument\mcu\daq\v2.2207\card\visualgdb\debug\__bsp_root__\stm32h7xxxx\stm32h7xx_hal_driver\src\stm32h7xx_hal_gfxmmu.dep
d:\datall\datall\cm\instrument\mcu\daq\v2.2207\card\visualgdb\debug\__bsp_root__\stm32h7xxxx\stm32h7xx_hal_driver\src\stm32h7xx_hal_gpio.dep
d:\datall\datall\cm\instrument\mcu\daq\v2.2207\card\visualgdb\debug\__bsp_root__\stm32h7xxxx\stm32h7xx_hal_driver\src\stm32h7xx_hal_hash.dep
d:\datall\datall\cm\instrument\mcu\daq\v2.2207\card\visualgdb\debug\__bsp_root__\stm32h7xxxx\stm32h7xx_hal_driver\src\stm32h7xx_hal_hash_ex.dep
d:\datall\datall\cm\instrument\mcu\daq\v2.2207\card\visualgdb\debug\__bsp_root__\stm32h7xxxx\stm32h7xx_hal_driver\src\stm32h7xx_hal_hcd.dep
d:\datall\datall\cm\instrument\mcu\daq\v2.2207\card\visualgdb\debug\__bsp_root__\stm32h7xxxx\stm32h7xx_hal_driver\src\stm32h7xx_hal_hrtim.dep
d:\datall\datall\cm\instrument\mcu\daq\v2.2207\card\visualgdb\debug\__bsp_root__\stm32h7xxxx\stm32h7xx_hal_driver\src\stm32h7xx_hal_hsem.dep
d:\datall\datall\cm\instrument\mcu\daq\v2.2207\card\visualgdb\debug\__bsp_root__\stm32h7xxxx\stm32h7xx_hal_driver\src\stm32h7xx_hal_i2c.dep
d:\datall\datall\cm\instrument\mcu\daq\v2.2207\card\visualgdb\debug\__bsp_root__\stm32h7xxxx\stm32h7xx_hal_driver\src\stm32h7xx_hal_i2c_ex.dep
d:\datall\datall\cm\instrument\mcu\daq\v2.2207\card\visualgdb\debug\__bsp_root__\stm32h7xxxx\stm32h7xx_hal_driver\src\stm32h7xx_hal_i2s.dep
d:\datall\datall\cm\instrument\mcu\daq\v2.2207\card\visualgdb\debug\__bsp_root__\stm32h7xxxx\stm32h7xx_hal_driver\src\stm32h7xx_hal_i2s_ex.dep
d:\datall\datall\cm\instrument\mcu\daq\v2.2207\card\visualgdb\debug\__bsp_root__\stm32h7xxxx\stm32h7xx_hal_driver\src\stm32h7xx_hal_irda.dep
d:\datall\datall\cm\instrument\mcu\daq\v2.2207\card\visualgdb\debug\__bsp_root__\stm32h7xxxx\stm32h7xx_hal_driver\src\stm32h7xx_hal_iwdg.dep
d:\datall\datall\cm\instrument\mcu\daq\v2.2207\card\visualgdb\debug\__bsp_root__\stm32h7xxxx\stm32h7xx_hal_driver\src\stm32h7xx_hal_jpeg.dep
d:\datall\datall\cm\instrument\mcu\daq\v2.2207\card\visualgdb\debug\__bsp_root__\stm32h7xxxx\stm32h7xx_hal_driver\src\stm32h7xx_hal_lptim.dep
d:\datall\datall\cm\instrument\mcu\daq\v2.2207\card\visualgdb\debug\__bsp_root__\stm32h7xxxx\stm32h7xx_hal_driver\src\stm32h7xx_hal_ltdc.dep
d:\datall\datall\cm\instrument\mcu\daq\v2.2207\card\visualgdb\debug\__bsp_root__\stm32h7xxxx\stm32h7xx_hal_driver\src\stm32h7xx_hal_ltdc_ex.dep
d:\datall\datall\cm\instrument\mcu\daq\v2.2207\card\visualgdb\debug\__bsp_root__\stm32h7xxxx\stm32h7xx_hal_driver\src\stm32h7xx_hal_mdios.dep
d:\datall\datall\cm\instrument\mcu\daq\v2.2207\card\visualgdb\debug\__bsp_root__\stm32h7xxxx\stm32h7xx_hal_driver\src\stm32h7xx_hal_mdma.dep
d:\datall\datall\cm\instrument\mcu\daq\v2.2207\card\visualgdb\debug\__bsp_root__\stm32h7xxxx\stm32h7xx_hal_driver\src\stm32h7xx_hal_mmc.dep
d:\datall\datall\cm\instrument\mcu\daq\v2.2207\card\visualgdb\debug\__bsp_root__\stm32h7xxxx\stm32h7xx_hal_driver\src\stm32h7xx_hal_mmc_ex.dep
d:\datall\datall\cm\instrument\mcu\daq\v2.2207\card\visualgdb\debug\__bsp_root__\stm32h7xxxx\stm32h7xx_hal_driver\src\stm32h7xx_hal_nand.dep
d:\datall\datall\cm\instrument\mcu\daq\v2.2207\card\visualgdb\debug\__bsp_root__\stm32h7xxxx\stm32h7xx_hal_driver\src\stm32h7xx_hal_nor.dep
d:\datall\datall\cm\instrument\mcu\daq\v2.2207\card\visualgdb\debug\__bsp_root__\stm32h7xxxx\stm32h7xx_hal_driver\src\stm32h7xx_hal_opamp.dep
d:\datall\datall\cm\instrument\mcu\daq\v2.2207\card\visualgdb\debug\__bsp_root__\stm32h7xxxx\stm32h7xx_hal_driver\src\stm32h7xx_hal_opamp_ex.dep
d:\datall\datall\cm\instrument\mcu\daq\v2.2207\card\visualgdb\debug\__bsp_root__\stm32h7xxxx\stm32h7xx_hal_driver\src\stm32h7xx_hal_ospi.dep
d:\datall\datall\cm\instrument\mcu\daq\v2.2207\card\visualgdb\debug\__bsp_root__\stm32h7xxxx\stm32h7xx_hal_driver\src\stm32h7xx_hal_otfdec.dep
d:\datall\datall\cm\instrument\mcu\daq\v2.2207\card\visualgdb\debug\__bsp_root__\stm32h7xxxx\stm32h7xx_hal_driver\src\stm32h7xx_hal_pcd.dep
d:\datall\datall\cm\instrument\mcu\daq\v2.2207\card\visualgdb\debug\__bsp_root__\stm32h7xxxx\stm32h7xx_hal_driver\src\stm32h7xx_hal_pcd_ex.dep
d:\datall\datall\cm\instrument\mcu\daq\v2.2207\card\visualgdb\debug\__bsp_root__\stm32h7xxxx\stm32h7xx_hal_driver\src\stm32h7xx_hal_pssi.dep
d:\datall\datall\cm\instrument\mcu\daq\v2.2207\card\visualgdb\debug\__bsp_root__\stm32h7xxxx\stm32h7xx_hal_driver\src\stm32h7xx_hal_pwr.dep
d:\datall\datall\cm\instrument\mcu\daq\v2.2207\card\visualgdb\debug\__bsp_root__\stm32h7xxxx\stm32h7xx_hal_driver\src\stm32h7xx_hal_pwr_ex.dep
d:\datall\datall\cm\instrument\mcu\daq\v2.2207\card\visualgdb\debug\__bsp_root__\stm32h7xxxx\stm32h7xx_hal_driver\src\stm32h7xx_hal_qspi.dep
d:\datall\datall\cm\instrument\mcu\daq\v2.2207\card\visualgdb\debug\__bsp_root__\stm32h7xxxx\stm32h7xx_hal_driver\src\stm32h7xx_hal_ramecc.dep
d:\datall\datall\cm\instrument\mcu\daq\v2.2207\card\visualgdb\debug\__bsp_root__\stm32h7xxxx\stm32h7xx_hal_driver\src\stm32h7xx_hal_rcc.dep
d:\datall\datall\cm\instrument\mcu\daq\v2.2207\card\visualgdb\debug\__bsp_root__\stm32h7xxxx\stm32h7xx_hal_driver\src\stm32h7xx_hal_rcc_ex.dep
d:\datall\datall\cm\instrument\mcu\daq\v2.2207\card\visualgdb\debug\__bsp_root__\stm32h7xxxx\stm32h7xx_hal_driver\src\stm32h7xx_hal_rng.dep
d:\datall\datall\cm\instrument\mcu\daq\v2.2207\card\visualgdb\debug\__bsp_root__\stm32h7xxxx\stm32h7xx_hal_driver\src\stm32h7xx_hal_rng_ex.dep
d:\datall\datall\cm\instrument\mcu\daq\v2.2207\card\visualgdb\debug\__bsp_root__\stm32h7xxxx\stm32h7xx_hal_driver\src\stm32h7xx_hal_rtc.dep
d:\datall\datall\cm\instrument\mcu\daq\v2.2207\card\visualgdb\debug\__bsp_root__\stm32h7xxxx\stm32h7xx_hal_driver\src\stm32h7xx_hal_rtc_ex.dep
d:\datall\datall\cm\instrument\mcu\daq\v2.2207\card\visualgdb\debug\__bsp_root__\stm32h7xxxx\stm32h7xx_hal_driver\src\stm32h7xx_hal_sai.dep
d:\datall\datall\cm\instrument\mcu\daq\v2.2207\card\visualgdb\debug\__bsp_root__\stm32h7xxxx\stm32h7xx_hal_driver\src\stm32h7xx_hal_sai_ex.dep
d:\datall\datall\cm\instrument\mcu\daq\v2.2207\card\visualgdb\debug\__bsp_root__\stm32h7xxxx\stm32h7xx_hal_driver\src\stm32h7xx_hal_sd.dep
d:\datall\datall\cm\instrument\mcu\daq\v2.2207\card\visualgdb\debug\__bsp_root__\stm32h7xxxx\stm32h7xx_hal_driver\src\stm32h7xx_hal_sdram.dep
d:\datall\datall\cm\instrument\mcu\daq\v2.2207\card\visualgdb\debug\__bsp_root__\stm32h7xxxx\stm32h7xx_hal_driver\src\stm32h7xx_hal_sd_ex.dep
d:\datall\datall\cm\instrument\mcu\daq\v2.2207\card\visualgdb\debug\__bsp_root__\stm32h7xxxx\stm32h7xx_hal_driver\src\stm32h7xx_hal_smartcard.dep
d:\datall\datall\cm\instrument\mcu\daq\v2.2207\card\visualgdb\debug\__bsp_root__\stm32h7xxxx\stm32h7xx_hal_driver\src\stm32h7xx_hal_smartcard_ex.dep
d:\datall\datall\cm\instrument\mcu\daq\v2.2207\card\visualgdb\debug\__bsp_root__\stm32h7xxxx\stm32h7xx_hal_driver\src\stm32h7xx_hal_smbus.dep
d:\datall\datall\cm\instrument\mcu\daq\v2.2207\card\visualgdb\debug\__bsp_root__\stm32h7xxxx\stm32h7xx_hal_driver\src\stm32h7xx_hal_spdifrx.dep
d:\datall\datall\cm\instrument\mcu\daq\v2.2207\card\visualgdb\debug\__bsp_root__\stm32h7xxxx\stm32h7xx_hal_driver\src\stm32h7xx_hal_spi.dep
d:\datall\datall\cm\instrument\mcu\daq\v2.2207\card\visualgdb\debug\__bsp_root__\stm32h7xxxx\stm32h7xx_hal_driver\src\stm32h7xx_hal_spi_ex.dep
d:\datall\datall\cm\instrument\mcu\daq\v2.2207\card\visualgdb\debug\__bsp_root__\stm32h7xxxx\stm32h7xx_hal_driver\src\stm32h7xx_hal_sram.dep
d:\datall\datall\cm\instrument\mcu\daq\v2.2207\card\visualgdb\debug\__bsp_root__\stm32h7xxxx\stm32h7xx_hal_driver\src\stm32h7xx_hal_swpmi.dep
d:\datall\datall\cm\instrument\mcu\daq\v2.2207\card\visualgdb\debug\__bsp_root__\stm32h7xxxx\stm32h7xx_hal_driver\src\stm32h7xx_hal_tim.dep
d:\datall\datall\cm\instrument\mcu\daq\v2.2207\card\visualgdb\debug\__bsp_root__\stm32h7xxxx\stm32h7xx_hal_driver\src\stm32h7xx_hal_tim_ex.dep
d:\datall\datall\cm\instrument\mcu\daq\v2.2207\card\visualgdb\debug\__bsp_root__\stm32h7xxxx\stm32h7xx_hal_driver\src\stm32h7xx_hal_uart.dep
d:\datall\datall\cm\instrument\mcu\daq\v2.2207\card\visualgdb\debug\__bsp_root__\stm32h7xxxx\stm32h7xx_hal_driver\src\stm32h7xx_hal_uart_ex.dep
d:\datall\datall\cm\instrument\mcu\daq\v2.2207\card\visualgdb\debug\__bsp_root__\stm32h7xxxx\stm32h7xx_hal_driver\src\stm32h7xx_hal_usart.dep
d:\datall\datall\cm\instrument\mcu\daq\v2.2207\card\visualgdb\debug\__bsp_root__\stm32h7xxxx\stm32h7xx_hal_driver\src\stm32h7xx_hal_usart_ex.dep
d:\datall\datall\cm\instrument\mcu\daq\v2.2207\card\visualgdb\debug\__bsp_root__\stm32h7xxxx\stm32h7xx_hal_driver\src\stm32h7xx_hal_wwdg.dep
d:\datall\datall\cm\instrument\mcu\daq\v2.2207\card\visualgdb\debug\__bsp_root__\stm32h7xxxx\stm32h7xx_hal_driver\src\stm32h7xx_ll_adc.dep
d:\datall\datall\cm\instrument\mcu\daq\v2.2207\card\visualgdb\debug\__bsp_root__\stm32h7xxxx\stm32h7xx_hal_driver\src\stm32h7xx_ll_bdma.dep
d:\datall\datall\cm\instrument\mcu\daq\v2.2207\card\visualgdb\debug\__bsp_root__\stm32h7xxxx\stm32h7xx_hal_driver\src\stm32h7xx_ll_comp.dep
d:\datall\datall\cm\instrument\mcu\daq\v2.2207\card\visualgdb\debug\__bsp_root__\stm32h7xxxx\stm32h7xx_hal_driver\src\stm32h7xx_ll_cordic.dep
d:\datall\datall\cm\instrument\mcu\daq\v2.2207\card\visualgdb\debug\__bsp_root__\stm32h7xxxx\stm32h7xx_hal_driver\src\stm32h7xx_ll_crc.dep
d:\datall\datall\cm\instrument\mcu\daq\v2.2207\card\visualgdb\debug\__bsp_root__\stm32h7xxxx\stm32h7xx_hal_driver\src\stm32h7xx_ll_crs.dep
d:\datall\datall\cm\instrument\mcu\daq\v2.2207\card\visualgdb\debug\__bsp_root__\stm32h7xxxx\stm32h7xx_hal_driver\src\stm32h7xx_ll_dac.dep
d:\datall\datall\cm\instrument\mcu\daq\v2.2207\card\visualgdb\debug\__bsp_root__\stm32h7xxxx\stm32h7xx_hal_driver\src\stm32h7xx_ll_delayblock.dep
d:\datall\datall\cm\instrument\mcu\daq\v2.2207\card\visualgdb\debug\__bsp_root__\stm32h7xxxx\stm32h7xx_hal_driver\src\stm32h7xx_ll_dma.dep
d:\datall\datall\cm\instrument\mcu\daq\v2.2207\card\visualgdb\debug\__bsp_root__\stm32h7xxxx\stm32h7xx_hal_driver\src\stm32h7xx_ll_dma2d.dep
d:\datall\datall\cm\instrument\mcu\daq\v2.2207\card\visualgdb\debug\__bsp_root__\stm32h7xxxx\stm32h7xx_hal_driver\src\stm32h7xx_ll_exti.dep
d:\datall\datall\cm\instrument\mcu\daq\v2.2207\card\visualgdb\debug\__bsp_root__\stm32h7xxxx\stm32h7xx_hal_driver\src\stm32h7xx_ll_fmac.dep
d:\datall\datall\cm\instrument\mcu\daq\v2.2207\card\visualgdb\debug\__bsp_root__\stm32h7xxxx\stm32h7xx_hal_driver\src\stm32h7xx_ll_fmc.dep
d:\datall\datall\cm\instrument\mcu\daq\v2.2207\card\visualgdb\debug\__bsp_root__\stm32h7xxxx\stm32h7xx_hal_driver\src\stm32h7xx_ll_gpio.dep
d:\datall\datall\cm\instrument\mcu\daq\v2.2207\card\visualgdb\debug\__bsp_root__\stm32h7xxxx\stm32h7xx_hal_driver\src\stm32h7xx_ll_hrtim.dep
d:\datall\datall\cm\instrument\mcu\daq\v2.2207\card\visualgdb\debug\__bsp_root__\stm32h7xxxx\stm32h7xx_hal_driver\src\stm32h7xx_ll_i2c.dep
d:\datall\datall\cm\instrument\mcu\daq\v2.2207\card\visualgdb\debug\__bsp_root__\stm32h7xxxx\stm32h7xx_hal_driver\src\stm32h7xx_ll_lptim.dep
d:\datall\datall\cm\instrument\mcu\daq\v2.2207\card\visualgdb\debug\__bsp_root__\stm32h7xxxx\stm32h7xx_hal_driver\src\stm32h7xx_ll_lpuart.dep
d:\datall\datall\cm\instrument\mcu\daq\v2.2207\card\visualgdb\debug\__bsp_root__\stm32h7xxxx\stm32h7xx_hal_driver\src\stm32h7xx_ll_mdma.dep
d:\datall\datall\cm\instrument\mcu\daq\v2.2207\card\visualgdb\debug\__bsp_root__\stm32h7xxxx\stm32h7xx_hal_driver\src\stm32h7xx_ll_opamp.dep
d:\datall\datall\cm\instrument\mcu\daq\v2.2207\card\visualgdb\debug\__bsp_root__\stm32h7xxxx\stm32h7xx_hal_driver\src\stm32h7xx_ll_pwr.dep
d:\datall\datall\cm\instrument\mcu\daq\v2.2207\card\visualgdb\debug\__bsp_root__\stm32h7xxxx\stm32h7xx_hal_driver\src\stm32h7xx_ll_rcc.dep
d:\datall\datall\cm\instrument\mcu\daq\v2.2207\card\visualgdb\debug\__bsp_root__\stm32h7xxxx\stm32h7xx_hal_driver\src\stm32h7xx_ll_rng.dep
d:\datall\datall\cm\instrument\mcu\daq\v2.2207\card\visualgdb\debug\__bsp_root__\stm32h7xxxx\stm32h7xx_hal_driver\src\stm32h7xx_ll_rtc.dep
d:\datall\datall\cm\instrument\mcu\daq\v2.2207\card\visualgdb\debug\__bsp_root__\stm32h7xxxx\stm32h7xx_hal_driver\src\stm32h7xx_ll_sdmmc.dep
d:\datall\datall\cm\instrument\mcu\daq\v2.2207\card\visualgdb\debug\__bsp_root__\stm32h7xxxx\stm32h7xx_hal_driver\src\stm32h7xx_ll_spi.dep
d:\datall\datall\cm\instrument\mcu\daq\v2.2207\card\visualgdb\debug\__bsp_root__\stm32h7xxxx\stm32h7xx_hal_driver\src\stm32h7xx_ll_swpmi.dep
d:\datall\datall\cm\instrument\mcu\daq\v2.2207\card\visualgdb\debug\__bsp_root__\stm32h7xxxx\stm32h7xx_hal_driver\src\stm32h7xx_ll_tim.dep
d:\datall\datall\cm\instrument\mcu\daq\v2.2207\card\visualgdb\debug\__bsp_root__\stm32h7xxxx\stm32h7xx_hal_driver\src\stm32h7xx_ll_usart.dep
d:\datall\datall\cm\instrument\mcu\daq\v2.2207\card\visualgdb\debug\__bsp_root__\stm32h7xxxx\stm32h7xx_hal_driver\src\stm32h7xx_ll_usb.dep
d:\datall\datall\cm\instrument\mcu\daq\v2.2207\card\visualgdb\debug\__bsp_root__\stm32h7xxxx\stm32h7xx_hal_driver\src\stm32h7xx_ll_utils.dep
d:\datall\datall\cm\instrument\mcu\daq\v2.2207\card\visualgdb\debug\__bsp_root__\stm32h7xxxx\stm32h7xx_hal_driver\src\stm32h7xx_hal.gcc.rsp
d:\datall\datall\cm\instrument\mcu\daq\v2.2207\card\visualgdb\debug\__bsp_root__\stm32h7xxxx\stm32h7xx_hal_driver\src\stm32h7xx_hal_adc.gcc.rsp
d:\datall\datall\cm\instrument\mcu\daq\v2.2207\card\visualgdb\debug\__bsp_root__\stm32h7xxxx\stm32h7xx_hal_driver\src\stm32h7xx_hal_adc_ex.gcc.rsp
d:\datall\datall\cm\instrument\mcu\daq\v2.2207\card\visualgdb\debug\__bsp_root__\stm32h7xxxx\stm32h7xx_hal_driver\src\stm32h7xx_hal_cec.gcc.rsp
d:\datall\datall\cm\instrument\mcu\daq\v2.2207\card\visualgdb\debug\__bsp_root__\stm32h7xxxx\stm32h7xx_hal_driver\src\stm32h7xx_hal_comp.gcc.rsp
d:\datall\datall\cm\instrument\mcu\daq\v2.2207\card\visualgdb\debug\__bsp_root__\stm32h7xxxx\stm32h7xx_hal_driver\src\stm32h7xx_hal_cordic.gcc.rsp
d:\datall\datall\cm\instrument\mcu\daq\v2.2207\card\visualgdb\debug\__bsp_root__\stm32h7xxxx\stm32h7xx_hal_driver\src\stm32h7xx_hal_cortex.gcc.rsp
d:\datall\datall\cm\instrument\mcu\daq\v2.2207\card\visualgdb\debug\__bsp_root__\stm32h7xxxx\stm32h7xx_hal_driver\src\stm32h7xx_hal_crc.gcc.rsp
d:\datall\datall\cm\instrument\mcu\daq\v2.2207\card\visualgdb\debug\__bsp_root__\stm32h7xxxx\stm32h7xx_hal_driver\src\stm32h7xx_hal_crc_ex.gcc.rsp
d:\datall\datall\cm\instrument\mcu\daq\v2.2207\card\visualgdb\debug\__bsp_root__\stm32h7xxxx\stm32h7xx_hal_driver\src\stm32h7xx_hal_cryp.gcc.rsp
d:\datall\datall\cm\instrument\mcu\daq\v2.2207\card\visualgdb\debug\__bsp_root__\stm32h7xxxx\stm32h7xx_hal_driver\src\stm32h7xx_hal_cryp_ex.gcc.rsp
d:\datall\datall\cm\instrument\mcu\daq\v2.2207\card\visualgdb\debug\__bsp_root__\stm32h7xxxx\stm32h7xx_hal_driver\src\stm32h7xx_hal_dac.gcc.rsp
d:\datall\datall\cm\instrument\mcu\daq\v2.2207\card\visualgdb\debug\__bsp_root__\stm32h7xxxx\stm32h7xx_hal_driver\src\stm32h7xx_hal_dac_ex.gcc.rsp
d:\datall\datall\cm\instrument\mcu\daq\v2.2207\card\visualgdb\debug\__bsp_root__\stm32h7xxxx\stm32h7xx_hal_driver\src\stm32h7xx_hal_dcmi.gcc.rsp
d:\datall\datall\cm\instrument\mcu\daq\v2.2207\card\visualgdb\debug\__bsp_root__\stm32h7xxxx\stm32h7xx_hal_driver\src\stm32h7xx_hal_dfsdm.gcc.rsp
d:\datall\datall\cm\instrument\mcu\daq\v2.2207\card\visualgdb\debug\__bsp_root__\stm32h7xxxx\stm32h7xx_hal_driver\src\stm32h7xx_hal_dfsdm_ex.gcc.rsp
d:\datall\datall\cm\instrument\mcu\daq\v2.2207\card\visualgdb\debug\__bsp_root__\stm32h7xxxx\stm32h7xx_hal_driver\src\stm32h7xx_hal_dma.gcc.rsp
d:\datall\datall\cm\instrument\mcu\daq\v2.2207\card\visualgdb\debug\__bsp_root__\stm32h7xxxx\stm32h7xx_hal_driver\src\stm32h7xx_hal_dma2d.gcc.rsp
d:\datall\datall\cm\instrument\mcu\daq\v2.2207\card\visualgdb\debug\__bsp_root__\stm32h7xxxx\stm32h7xx_hal_driver\src\stm32h7xx_hal_dma_ex.gcc.rsp
d:\datall\datall\cm\instrument\mcu\daq\v2.2207\card\visualgdb\debug\__bsp_root__\stm32h7xxxx\stm32h7xx_hal_driver\src\stm32h7xx_hal_dsi.gcc.rsp
d:\datall\datall\cm\instrument\mcu\daq\v2.2207\card\visualgdb\debug\__bsp_root__\stm32h7xxxx\stm32h7xx_hal_driver\src\stm32h7xx_hal_dts.gcc.rsp
d:\datall\datall\cm\instrument\mcu\daq\v2.2207\card\visualgdb\debug\__bsp_root__\stm32h7xxxx\stm32h7xx_hal_driver\src\stm32h7xx_hal_eth.gcc.rsp
d:\datall\datall\cm\instrument\mcu\daq\v2.2207\card\visualgdb\debug\__bsp_root__\stm32h7xxxx\stm32h7xx_hal_driver\src\stm32h7xx_hal_eth_ex.gcc.rsp
d:\datall\datall\cm\instrument\mcu\daq\v2.2207\card\visualgdb\debug\__bsp_root__\stm32h7xxxx\stm32h7xx_hal_driver\src\stm32h7xx_hal_exti.gcc.rsp
d:\datall\datall\cm\instrument\mcu\daq\v2.2207\card\visualgdb\debug\__bsp_root__\stm32h7xxxx\stm32h7xx_hal_driver\src\stm32h7xx_hal_fdcan.gcc.rsp
d:\datall\datall\cm\instrument\mcu\daq\v2.2207\card\visualgdb\debug\__bsp_root__\stm32h7xxxx\stm32h7xx_hal_driver\src\stm32h7xx_hal_flash.gcc.rsp
d:\datall\datall\cm\instrument\mcu\daq\v2.2207\card\visualgdb\debug\__bsp_root__\stm32h7xxxx\stm32h7xx_hal_driver\src\stm32h7xx_hal_flash_ex.gcc.rsp
d:\datall\datall\cm\instrument\mcu\daq\v2.2207\card\visualgdb\debug\__bsp_root__\stm32h7xxxx\stm32h7xx_hal_driver\src\stm32h7xx_hal_fmac.gcc.rsp
d:\datall\datall\cm\instrument\mcu\daq\v2.2207\card\visualgdb\debug\__bsp_root__\stm32h7xxxx\stm32h7xx_hal_driver\src\stm32h7xx_hal_gfxmmu.gcc.rsp
d:\datall\datall\cm\instrument\mcu\daq\v2.2207\card\visualgdb\debug\__bsp_root__\stm32h7xxxx\stm32h7xx_hal_driver\src\stm32h7xx_hal_gpio.gcc.rsp
d:\datall\datall\cm\instrument\mcu\daq\v2.2207\card\visualgdb\debug\__bsp_root__\stm32h7xxxx\stm32h7xx_hal_driver\src\stm32h7xx_hal_hash.gcc.rsp
d:\datall\datall\cm\instrument\mcu\daq\v2.2207\card\visualgdb\debug\__bsp_root__\stm32h7xxxx\stm32h7xx_hal_driver\src\stm32h7xx_hal_hash_ex.gcc.rsp
d:\datall\datall\cm\instrument\mcu\daq\v2.2207\card\visualgdb\debug\__bsp_root__\stm32h7xxxx\stm32h7xx_hal_driver\src\stm32h7xx_hal_hcd.gcc.rsp
d:\datall\datall\cm\instrument\mcu\daq\v2.2207\card\visualgdb\debug\__bsp_root__\stm32h7xxxx\stm32h7xx_hal_driver\src\stm32h7xx_hal_hrtim.gcc.rsp
d:\datall\datall\cm\instrument\mcu\daq\v2.2207\card\visualgdb\debug\__bsp_root__\stm32h7xxxx\stm32h7xx_hal_driver\src\stm32h7xx_hal_hsem.gcc.rsp
d:\datall\datall\cm\instrument\mcu\daq\v2.2207\card\visualgdb\debug\__bsp_root__\stm32h7xxxx\stm32h7xx_hal_driver\src\stm32h7xx_hal_i2c.gcc.rsp
d:\datall\datall\cm\instrument\mcu\daq\v2.2207\card\visualgdb\debug\__bsp_root__\stm32h7xxxx\stm32h7xx_hal_driver\src\stm32h7xx_hal_i2c_ex.gcc.rsp
d:\datall\datall\cm\instrument\mcu\daq\v2.2207\card\visualgdb\debug\__bsp_root__\stm32h7xxxx\stm32h7xx_hal_driver\src\stm32h7xx_hal_i2s.gcc.rsp
d:\datall\datall\cm\instrument\mcu\daq\v2.2207\card\visualgdb\debug\__bsp_root__\stm32h7xxxx\stm32h7xx_hal_driver\src\stm32h7xx_hal_i2s_ex.gcc.rsp
d:\datall\datall\cm\instrument\mcu\daq\v2.2207\card\visualgdb\debug\__bsp_root__\stm32h7xxxx\stm32h7xx_hal_driver\src\stm32h7xx_hal_irda.gcc.rsp
d:\datall\datall\cm\instrument\mcu\daq\v2.2207\card\visualgdb\debug\__bsp_root__\stm32h7xxxx\stm32h7xx_hal_driver\src\stm32h7xx_hal_iwdg.gcc.rsp
d:\datall\datall\cm\instrument\mcu\daq\v2.2207\card\visualgdb\debug\__bsp_root__\stm32h7xxxx\stm32h7xx_hal_driver\src\stm32h7xx_hal_jpeg.gcc.rsp
d:\datall\datall\cm\instrument\mcu\daq\v2.2207\card\visualgdb\debug\__bsp_root__\stm32h7xxxx\stm32h7xx_hal_driver\src\stm32h7xx_hal_lptim.gcc.rsp
d:\datall\datall\cm\instrument\mcu\daq\v2.2207\card\visualgdb\debug\__bsp_root__\stm32h7xxxx\stm32h7xx_hal_driver\src\stm32h7xx_hal_ltdc.gcc.rsp
d:\datall\datall\cm\instrument\mcu\daq\v2.2207\card\visualgdb\debug\__bsp_root__\stm32h7xxxx\stm32h7xx_hal_driver\src\stm32h7xx_hal_ltdc_ex.gcc.rsp
d:\datall\datall\cm\instrument\mcu\daq\v2.2207\card\visualgdb\debug\__bsp_root__\stm32h7xxxx\stm32h7xx_hal_driver\src\stm32h7xx_hal_mdios.gcc.rsp
d:\datall\datall\cm\instrument\mcu\daq\v2.2207\card\visualgdb\debug\__bsp_root__\stm32h7xxxx\stm32h7xx_hal_driver\src\stm32h7xx_hal_mdma.gcc.rsp
d:\datall\datall\cm\instrument\mcu\daq\v2.2207\card\visualgdb\debug\__bsp_root__\stm32h7xxxx\stm32h7xx_hal_driver\src\stm32h7xx_hal_mmc.gcc.rsp
d:\datall\datall\cm\instrument\mcu\daq\v2.2207\card\visualgdb\debug\__bsp_root__\stm32h7xxxx\stm32h7xx_hal_driver\src\stm32h7xx_hal_mmc_ex.gcc.rsp
d:\datall\datall\cm\instrument\mcu\daq\v2.2207\card\visualgdb\debug\__bsp_root__\stm32h7xxxx\stm32h7xx_hal_driver\src\stm32h7xx_hal_nand.gcc.rsp
d:\datall\datall\cm\instrument\mcu\daq\v2.2207\card\visualgdb\debug\__bsp_root__\stm32h7xxxx\stm32h7xx_hal_driver\src\stm32h7xx_hal_nor.gcc.rsp
d:\datall\datall\cm\instrument\mcu\daq\v2.2207\card\visualgdb\debug\__bsp_root__\stm32h7xxxx\stm32h7xx_hal_driver\src\stm32h7xx_hal_opamp.gcc.rsp
d:\datall\datall\cm\instrument\mcu\daq\v2.2207\card\visualgdb\debug\__bsp_root__\stm32h7xxxx\stm32h7xx_hal_driver\src\stm32h7xx_hal_opamp_ex.gcc.rsp
d:\datall\datall\cm\instrument\mcu\daq\v2.2207\card\visualgdb\debug\__bsp_root__\stm32h7xxxx\stm32h7xx_hal_driver\src\stm32h7xx_hal_ospi.gcc.rsp
d:\datall\datall\cm\instrument\mcu\daq\v2.2207\card\visualgdb\debug\__bsp_root__\stm32h7xxxx\stm32h7xx_hal_driver\src\stm32h7xx_hal_otfdec.gcc.rsp
d:\datall\datall\cm\instrument\mcu\daq\v2.2207\card\visualgdb\debug\__bsp_root__\stm32h7xxxx\stm32h7xx_hal_driver\src\stm32h7xx_hal_pcd.gcc.rsp
d:\datall\datall\cm\instrument\mcu\daq\v2.2207\card\visualgdb\debug\__bsp_root__\stm32h7xxxx\stm32h7xx_hal_driver\src\stm32h7xx_hal_pcd_ex.gcc.rsp
d:\datall\datall\cm\instrument\mcu\daq\v2.2207\card\visualgdb\debug\__bsp_root__\stm32h7xxxx\stm32h7xx_hal_driver\src\stm32h7xx_hal_pssi.gcc.rsp
d:\datall\datall\cm\instrument\mcu\daq\v2.2207\card\visualgdb\debug\__bsp_root__\stm32h7xxxx\stm32h7xx_hal_driver\src\stm32h7xx_hal_pwr.gcc.rsp
d:\datall\datall\cm\instrument\mcu\daq\v2.2207\card\visualgdb\debug\__bsp_root__\stm32h7xxxx\stm32h7xx_hal_driver\src\stm32h7xx_hal_pwr_ex.gcc.rsp
d:\datall\datall\cm\instrument\mcu\daq\v2.2207\card\visualgdb\debug\__bsp_root__\stm32h7xxxx\stm32h7xx_hal_driver\src\stm32h7xx_hal_qspi.gcc.rsp
d:\datall\datall\cm\instrument\mcu\daq\v2.2207\card\visualgdb\debug\__bsp_root__\stm32h7xxxx\stm32h7xx_hal_driver\src\stm32h7xx_hal_ramecc.gcc.rsp
d:\datall\datall\cm\instrument\mcu\daq\v2.2207\card\visualgdb\debug\__bsp_root__\stm32h7xxxx\stm32h7xx_hal_driver\src\stm32h7xx_hal_rcc.gcc.rsp
d:\datall\datall\cm\instrument\mcu\daq\v2.2207\card\visualgdb\debug\__bsp_root__\stm32h7xxxx\stm32h7xx_hal_driver\src\stm32h7xx_hal_rcc_ex.gcc.rsp
d:\datall\datall\cm\instrument\mcu\daq\v2.2207\card\visualgdb\debug\__bsp_root__\stm32h7xxxx\stm32h7xx_hal_driver\src\stm32h7xx_hal_rng.gcc.rsp
d:\datall\datall\cm\instrument\mcu\daq\v2.2207\card\visualgdb\debug\__bsp_root__\stm32h7xxxx\stm32h7xx_hal_driver\src\stm32h7xx_hal_rng_ex.gcc.rsp
d:\datall\datall\cm\instrument\mcu\daq\v2.2207\card\visualgdb\debug\__bsp_root__\stm32h7xxxx\stm32h7xx_hal_driver\src\stm32h7xx_hal_rtc.gcc.rsp
d:\datall\datall\cm\instrument\mcu\daq\v2.2207\card\visualgdb\debug\__bsp_root__\stm32h7xxxx\stm32h7xx_hal_driver\src\stm32h7xx_hal_rtc_ex.gcc.rsp
d:\datall\datall\cm\instrument\mcu\daq\v2.2207\card\visualgdb\debug\__bsp_root__\stm32h7xxxx\stm32h7xx_hal_driver\src\stm32h7xx_hal_sai.gcc.rsp
d:\datall\datall\cm\instrument\mcu\daq\v2.2207\card\visualgdb\debug\__bsp_root__\stm32h7xxxx\stm32h7xx_hal_driver\src\stm32h7xx_hal_sai_ex.gcc.rsp
d:\datall\datall\cm\instrument\mcu\daq\v2.2207\card\visualgdb\debug\__bsp_root__\stm32h7xxxx\stm32h7xx_hal_driver\src\stm32h7xx_hal_sd.gcc.rsp
d:\datall\datall\cm\instrument\mcu\daq\v2.2207\card\visualgdb\debug\__bsp_root__\stm32h7xxxx\stm32h7xx_hal_driver\src\stm32h7xx_hal_sdram.gcc.rsp
d:\datall\datall\cm\instrument\mcu\daq\v2.2207\card\visualgdb\debug\__bsp_root__\stm32h7xxxx\stm32h7xx_hal_driver\src\stm32h7xx_hal_sd_ex.gcc.rsp
d:\datall\datall\cm\instrument\mcu\daq\v2.2207\card\visualgdb\debug\__bsp_root__\stm32h7xxxx\stm32h7xx_hal_driver\src\stm32h7xx_hal_smartcard.gcc.rsp
d:\datall\datall\cm\instrument\mcu\daq\v2.2207\card\visualgdb\debug\__bsp_root__\stm32h7xxxx\stm32h7xx_hal_driver\src\stm32h7xx_hal_smartcard_ex.gcc.rsp
d:\datall\datall\cm\instrument\mcu\daq\v2.2207\card\visualgdb\debug\__bsp_root__\stm32h7xxxx\stm32h7xx_hal_driver\src\stm32h7xx_hal_smbus.gcc.rsp
d:\datall\datall\cm\instrument\mcu\daq\v2.2207\card\visualgdb\debug\__bsp_root__\stm32h7xxxx\stm32h7xx_hal_driver\src\stm32h7xx_hal_spdifrx.gcc.rsp
d:\datall\datall\cm\instrument\mcu\daq\v2.2207\card\visualgdb\debug\__bsp_root__\stm32h7xxxx\stm32h7xx_hal_driver\src\stm32h7xx_hal_spi.gcc.rsp
d:\datall\datall\cm\instrument\mcu\daq\v2.2207\card\visualgdb\debug\__bsp_root__\stm32h7xxxx\stm32h7xx_hal_driver\src\stm32h7xx_hal_spi_ex.gcc.rsp
d:\datall\datall\cm\instrument\mcu\daq\v2.2207\card\visualgdb\debug\__bsp_root__\stm32h7xxxx\stm32h7xx_hal_driver\src\stm32h7xx_hal_sram.gcc.rsp
d:\datall\datall\cm\instrument\mcu\daq\v2.2207\card\visualgdb\debug\__bsp_root__\stm32h7xxxx\stm32h7xx_hal_driver\src\stm32h7xx_hal_swpmi.gcc.rsp
d:\datall\datall\cm\instrument\mcu\daq\v2.2207\card\visualgdb\debug\__bsp_root__\stm32h7xxxx\stm32h7xx_hal_driver\src\stm32h7xx_hal_tim.gcc.rsp
d:\datall\datall\cm\instrument\mcu\daq\v2.2207\card\visualgdb\debug\__bsp_root__\stm32h7xxxx\stm32h7xx_hal_driver\src\stm32h7xx_hal_tim_ex.gcc.rsp
d:\datall\datall\cm\instrument\mcu\daq\v2.2207\card\visualgdb\debug\__bsp_root__\stm32h7xxxx\stm32h7xx_hal_driver\src\stm32h7xx_hal_uart.gcc.rsp
d:\datall\datall\cm\instrument\mcu\daq\v2.2207\card\visualgdb\debug\__bsp_root__\stm32h7xxxx\stm32h7xx_hal_driver\src\stm32h7xx_hal_uart_ex.gcc.rsp
d:\datall\datall\cm\instrument\mcu\daq\v2.2207\card\visualgdb\debug\__bsp_root__\stm32h7xxxx\stm32h7xx_hal_driver\src\stm32h7xx_hal_usart.gcc.rsp
d:\datall\datall\cm\instrument\mcu\daq\v2.2207\card\visualgdb\debug\__bsp_root__\stm32h7xxxx\stm32h7xx_hal_driver\src\stm32h7xx_hal_usart_ex.gcc.rsp
d:\datall\datall\cm\instrument\mcu\daq\v2.2207\card\visualgdb\debug\__bsp_root__\stm32h7xxxx\stm32h7xx_hal_driver\src\stm32h7xx_hal_wwdg.gcc.rsp
d:\datall\datall\cm\instrument\mcu\daq\v2.2207\card\visualgdb\debug\__bsp_root__\stm32h7xxxx\stm32h7xx_hal_driver\src\stm32h7xx_ll_adc.gcc.rsp
d:\datall\datall\cm\instrument\mcu\daq\v2.2207\card\visualgdb\debug\__bsp_root__\stm32h7xxxx\stm32h7xx_hal_driver\src\stm32h7xx_ll_bdma.gcc.rsp
d:\datall\datall\cm\instrument\mcu\daq\v2.2207\card\visualgdb\debug\__bsp_root__\stm32h7xxxx\stm32h7xx_hal_driver\src\stm32h7xx_ll_comp.gcc.rsp
d:\datall\datall\cm\instrument\mcu\daq\v2.2207\card\visualgdb\debug\__bsp_root__\stm32h7xxxx\stm32h7xx_hal_driver\src\stm32h7xx_ll_cordic.gcc.rsp
d:\datall\datall\cm\instrument\mcu\daq\v2.2207\card\visualgdb\debug\__bsp_root__\stm32h7xxxx\stm32h7xx_hal_driver\src\stm32h7xx_ll_crc.gcc.rsp
d:\datall\datall\cm\instrument\mcu\daq\v2.2207\card\visualgdb\debug\__bsp_root__\stm32h7xxxx\stm32h7xx_hal_driver\src\stm32h7xx_ll_crs.gcc.rsp
d:\datall\datall\cm\instrument\mcu\daq\v2.2207\card\visualgdb\debug\__bsp_root__\stm32h7xxxx\stm32h7xx_hal_driver\src\stm32h7xx_ll_dac.gcc.rsp
d:\datall\datall\cm\instrument\mcu\daq\v2.2207\card\visualgdb\debug\__bsp_root__\stm32h7xxxx\stm32h7xx_hal_driver\src\stm32h7xx_ll_delayblock.gcc.rsp
d:\datall\datall\cm\instrument\mcu\daq\v2.2207\card\visualgdb\debug\__bsp_root__\stm32h7xxxx\stm32h7xx_hal_driver\src\stm32h7xx_ll_dma.gcc.rsp
d:\datall\datall\cm\instrument\mcu\daq\v2.2207\card\visualgdb\debug\__bsp_root__\stm32h7xxxx\stm32h7xx_hal_driver\src\stm32h7xx_ll_dma2d.gcc.rsp
d:\datall\datall\cm\instrument\mcu\daq\v2.2207\card\visualgdb\debug\__bsp_root__\stm32h7xxxx\stm32h7xx_hal_driver\src\stm32h7xx_ll_exti.gcc.rsp
d:\datall\datall\cm\instrument\mcu\daq\v2.2207\card\visualgdb\debug\__bsp_root__\stm32h7xxxx\stm32h7xx_hal_driver\src\stm32h7xx_ll_fmac.gcc.rsp
d:\datall\datall\cm\instrument\mcu\daq\v2.2207\card\visualgdb\debug\__bsp_root__\stm32h7xxxx\stm32h7xx_hal_driver\src\stm32h7xx_ll_fmc.gcc.rsp
d:\datall\datall\cm\instrument\mcu\daq\v2.2207\card\visualgdb\debug\__bsp_root__\stm32h7xxxx\stm32h7xx_hal_driver\src\stm32h7xx_ll_gpio.gcc.rsp
d:\datall\datall\cm\instrument\mcu\daq\v2.2207\card\visualgdb\debug\__bsp_root__\stm32h7xxxx\stm32h7xx_hal_driver\src\stm32h7xx_ll_hrtim.gcc.rsp
d:\datall\datall\cm\instrument\mcu\daq\v2.2207\card\visualgdb\debug\__bsp_root__\stm32h7xxxx\stm32h7xx_hal_driver\src\stm32h7xx_ll_i2c.gcc.rsp
d:\datall\datall\cm\instrument\mcu\daq\v2.2207\card\visualgdb\debug\__bsp_root__\stm32h7xxxx\stm32h7xx_hal_driver\src\stm32h7xx_ll_lptim.gcc.rsp
d:\datall\datall\cm\instrument\mcu\daq\v2.2207\card\visualgdb\debug\__bsp_root__\stm32h7xxxx\stm32h7xx_hal_driver\src\stm32h7xx_ll_lpuart.gcc.rsp
d:\datall\datall\cm\instrument\mcu\daq\v2.2207\card\visualgdb\debug\__bsp_root__\stm32h7xxxx\stm32h7xx_hal_driver\src\stm32h7xx_ll_mdma.gcc.rsp
d:\datall\datall\cm\instrument\mcu\daq\v2.2207\card\visualgdb\debug\__bsp_root__\stm32h7xxxx\stm32h7xx_hal_driver\src\stm32h7xx_ll_opamp.gcc.rsp
d:\datall\datall\cm\instrument\mcu\daq\v2.2207\card\visualgdb\debug\__bsp_root__\stm32h7xxxx\stm32h7xx_hal_driver\src\stm32h7xx_ll_pwr.gcc.rsp
d:\datall\datall\cm\instrument\mcu\daq\v2.2207\card\visualgdb\debug\__bsp_root__\stm32h7xxxx\stm32h7xx_hal_driver\src\stm32h7xx_ll_rcc.gcc.rsp
d:\datall\datall\cm\instrument\mcu\daq\v2.2207\card\visualgdb\debug\__bsp_root__\stm32h7xxxx\stm32h7xx_hal_driver\src\stm32h7xx_ll_rng.gcc.rsp
d:\datall\datall\cm\instrument\mcu\daq\v2.2207\card\visualgdb\debug\__bsp_root__\stm32h7xxxx\stm32h7xx_hal_driver\src\stm32h7xx_ll_rtc.gcc.rsp
d:\datall\datall\cm\instrument\mcu\daq\v2.2207\card\visualgdb\debug\__bsp_root__\stm32h7xxxx\stm32h7xx_hal_driver\src\stm32h7xx_ll_sdmmc.gcc.rsp
d:\datall\datall\cm\instrument\mcu\daq\v2.2207\card\visualgdb\debug\__bsp_root__\stm32h7xxxx\stm32h7xx_hal_driver\src\stm32h7xx_ll_spi.gcc.rsp
d:\datall\datall\cm\instrument\mcu\daq\v2.2207\card\visualgdb\debug\__bsp_root__\stm32h7xxxx\stm32h7xx_hal_driver\src\stm32h7xx_ll_swpmi.gcc.rsp
d:\datall\datall\cm\instrument\mcu\daq\v2.2207\card\visualgdb\debug\__bsp_root__\stm32h7xxxx\stm32h7xx_hal_driver\src\stm32h7xx_ll_tim.gcc.rsp
d:\datall\datall\cm\instrument\mcu\daq\v2.2207\card\visualgdb\debug\__bsp_root__\stm32h7xxxx\stm32h7xx_hal_driver\src\stm32h7xx_ll_usart.gcc.rsp
d:\datall\datall\cm\instrument\mcu\daq\v2.2207\card\visualgdb\debug\__bsp_root__\stm32h7xxxx\stm32h7xx_hal_driver\src\stm32h7xx_ll_usb.gcc.rsp
d:\datall\datall\cm\instrument\mcu\daq\v2.2207\card\visualgdb\debug\__bsp_root__\stm32h7xxxx\stm32h7xx_hal_driver\src\stm32h7xx_ll_utils.gcc.rsp
d:\datall\datall\cm\instrument\mcu\daq\v2.2207\card\visualgdb\debug\__bsp_root__\freertos\source\croutine.o
d:\datall\datall\cm\instrument\mcu\daq\v2.2207\card\visualgdb\debug\__bsp_root__\freertos\source\event_groups.o
d:\datall\datall\cm\instrument\mcu\daq\v2.2207\card\visualgdb\debug\__bsp_root__\freertos\source\list.o
d:\datall\datall\cm\instrument\mcu\daq\v2.2207\card\visualgdb\debug\__bsp_root__\freertos\source\queue.o
d:\datall\datall\cm\instrument\mcu\daq\v2.2207\card\visualgdb\debug\__bsp_root__\freertos\source\stream_buffer.o
d:\datall\datall\cm\instrument\mcu\daq\v2.2207\card\visualgdb\debug\__bsp_root__\freertos\source\tasks.o
d:\datall\datall\cm\instrument\mcu\daq\v2.2207\card\visualgdb\debug\__bsp_root__\freertos\source\timers.o
d:\datall\datall\cm\instrument\mcu\daq\v2.2207\card\visualgdb\debug\__bsp_root__\freertos\source\croutine.dep
d:\datall\datall\cm\instrument\mcu\daq\v2.2207\card\visualgdb\debug\__bsp_root__\freertos\source\event_groups.dep
d:\datall\datall\cm\instrument\mcu\daq\v2.2207\card\visualgdb\debug\__bsp_root__\freertos\source\list.dep
d:\datall\datall\cm\instrument\mcu\daq\v2.2207\card\visualgdb\debug\__bsp_root__\freertos\source\queue.dep
d:\datall\datall\cm\instrument\mcu\daq\v2.2207\card\visualgdb\debug\__bsp_root__\freertos\source\stream_buffer.dep
d:\datall\datall\cm\instrument\mcu\daq\v2.2207\card\visualgdb\debug\__bsp_root__\freertos\source\tasks.dep
d:\datall\datall\cm\instrument\mcu\daq\v2.2207\card\visualgdb\debug\__bsp_root__\freertos\source\timers.dep
d:\datall\datall\cm\instrument\mcu\daq\v2.2207\card\visualgdb\debug\__bsp_root__\freertos\source\croutine.gcc.rsp
d:\datall\datall\cm\instrument\mcu\daq\v2.2207\card\visualgdb\debug\__bsp_root__\freertos\source\event_groups.gcc.rsp
d:\datall\datall\cm\instrument\mcu\daq\v2.2207\card\visualgdb\debug\__bsp_root__\freertos\source\list.gcc.rsp
d:\datall\datall\cm\instrument\mcu\daq\v2.2207\card\visualgdb\debug\__bsp_root__\freertos\source\queue.gcc.rsp
d:\datall\datall\cm\instrument\mcu\daq\v2.2207\card\visualgdb\debug\__bsp_root__\freertos\source\stream_buffer.gcc.rsp
d:\datall\datall\cm\instrument\mcu\daq\v2.2207\card\visualgdb\debug\__bsp_root__\freertos\source\tasks.gcc.rsp
d:\datall\datall\cm\instrument\mcu\daq\v2.2207\card\visualgdb\debug\__bsp_root__\freertos\source\timers.gcc.rsp
d:\datall\datall\cm\instrument\mcu\daq\v2.2207\card\visualgdb\debug\__bsp_root__\freertos\source\cmsis_rtos\cmsis_os.o
d:\datall\datall\cm\instrument\mcu\daq\v2.2207\card\visualgdb\debug\__bsp_root__\freertos\source\cmsis_rtos\cmsis_os.dep
d:\datall\datall\cm\instrument\mcu\daq\v2.2207\card\visualgdb\debug\__bsp_root__\freertos\source\cmsis_rtos\cmsis_os.gcc.rsp
d:\datall\datall\cm\instrument\mcu\daq\v2.2207\card\visualgdb\debug\__bsp_root__\freertos\source\portable\memmang\heap_4.o
d:\datall\datall\cm\instrument\mcu\daq\v2.2207\card\visualgdb\debug\__bsp_root__\freertos\source\portable\memmang\heap_4.dep
d:\datall\datall\cm\instrument\mcu\daq\v2.2207\card\visualgdb\debug\__bsp_root__\freertos\source\portable\memmang\heap_4.gcc.rsp
d:\datall\datall\cm\instrument\mcu\daq\v2.2207\card\visualgdb\debug\_7_\_library\arm\library\lan\ethernetif.o
d:\datall\datall\cm\instrument\mcu\daq\v2.2207\card\visualgdb\debug\_7_\_library\arm\library\lan\lan.o
d:\datall\datall\cm\instrument\mcu\daq\v2.2207\card\visualgdb\debug\_7_\_library\arm\library\lan\ethernetif.dep
d:\datall\datall\cm\instrument\mcu\daq\v2.2207\card\visualgdb\debug\_7_\_library\arm\library\lan\lan.dep
d:\datall\datall\cm\instrument\mcu\daq\v2.2207\card\visualgdb\debug\_7_\_library\arm\library\lan\ethernetif.gcc.rsp
d:\datall\datall\cm\instrument\mcu\daq\v2.2207\card\visualgdb\debug\_7_\_library\arm\library\lan\lan.gcc.rsp
d:\datall\datall\cm\instrument\mcu\daq\v2.2207\card\visualgdb\debug\_7_\_library\arm\library\lan\hw\lan8720.o
d:\datall\datall\cm\instrument\mcu\daq\v2.2207\card\visualgdb\debug\_7_\_library\arm\library\lan\hw\lan8720.dep
d:\datall\datall\cm\instrument\mcu\daq\v2.2207\card\visualgdb\debug\_7_\_library\arm\library\lan\hw\lan8720.gcc.rsp
d:\datall\datall\cm\instrument\mcu\daq\v2.2207\card\visualgdb\debug\_7_\_library\arm\library\lan\lwip\src\api\api_lib.o
d:\datall\datall\cm\instrument\mcu\daq\v2.2207\card\visualgdb\debug\_7_\_library\arm\library\lan\lwip\src\api\api_msg.o
d:\datall\datall\cm\instrument\mcu\daq\v2.2207\card\visualgdb\debug\_7_\_library\arm\library\lan\lwip\src\api\err.o
d:\datall\datall\cm\instrument\mcu\daq\v2.2207\card\visualgdb\debug\_7_\_library\arm\library\lan\lwip\src\api\netbuf.o
d:\datall\datall\cm\instrument\mcu\daq\v2.2207\card\visualgdb\debug\_7_\_library\arm\library\lan\lwip\src\api\netdb.o
d:\datall\datall\cm\instrument\mcu\daq\v2.2207\card\visualgdb\debug\_7_\_library\arm\library\lan\lwip\src\api\netifapi.o
d:\datall\datall\cm\instrument\mcu\daq\v2.2207\card\visualgdb\debug\_7_\_library\arm\library\lan\lwip\src\api\sockets.o
d:\datall\datall\cm\instrument\mcu\daq\v2.2207\card\visualgdb\debug\_7_\_library\arm\library\lan\lwip\src\api\tcpip.o
d:\datall\datall\cm\instrument\mcu\daq\v2.2207\card\visualgdb\debug\_7_\_library\arm\library\lan\lwip\src\api\api_lib.dep
d:\datall\datall\cm\instrument\mcu\daq\v2.2207\card\visualgdb\debug\_7_\_library\arm\library\lan\lwip\src\api\api_msg.dep
d:\datall\datall\cm\instrument\mcu\daq\v2.2207\card\visualgdb\debug\_7_\_library\arm\library\lan\lwip\src\api\err.dep
d:\datall\datall\cm\instrument\mcu\daq\v2.2207\card\visualgdb\debug\_7_\_library\arm\library\lan\lwip\src\api\netbuf.dep
d:\datall\datall\cm\instrument\mcu\daq\v2.2207\card\visualgdb\debug\_7_\_library\arm\library\lan\lwip\src\api\netdb.dep
d:\datall\datall\cm\instrument\mcu\daq\v2.2207\card\visualgdb\debug\_7_\_library\arm\library\lan\lwip\src\api\netifapi.dep
d:\datall\datall\cm\instrument\mcu\daq\v2.2207\card\visualgdb\debug\_7_\_library\arm\library\lan\lwip\src\api\sockets.dep
d:\datall\datall\cm\instrument\mcu\daq\v2.2207\card\visualgdb\debug\_7_\_library\arm\library\lan\lwip\src\api\tcpip.dep
d:\datall\datall\cm\instrument\mcu\daq\v2.2207\card\visualgdb\debug\_7_\_library\arm\library\lan\lwip\src\api\api_lib.gcc.rsp
d:\datall\datall\cm\instrument\mcu\daq\v2.2207\card\visualgdb\debug\_7_\_library\arm\library\lan\lwip\src\api\api_msg.gcc.rsp
d:\datall\datall\cm\instrument\mcu\daq\v2.2207\card\visualgdb\debug\_7_\_library\arm\library\lan\lwip\src\api\err.gcc.rsp
d:\datall\datall\cm\instrument\mcu\daq\v2.2207\card\visualgdb\debug\_7_\_library\arm\library\lan\lwip\src\api\netbuf.gcc.rsp
d:\datall\datall\cm\instrument\mcu\daq\v2.2207\card\visualgdb\debug\_7_\_library\arm\library\lan\lwip\src\api\netdb.gcc.rsp
d:\datall\datall\cm\instrument\mcu\daq\v2.2207\card\visualgdb\debug\_7_\_library\arm\library\lan\lwip\src\api\netifapi.gcc.rsp
d:\datall\datall\cm\instrument\mcu\daq\v2.2207\card\visualgdb\debug\_7_\_library\arm\library\lan\lwip\src\api\sockets.gcc.rsp
d:\datall\datall\cm\instrument\mcu\daq\v2.2207\card\visualgdb\debug\_7_\_library\arm\library\lan\lwip\src\api\tcpip.gcc.rsp
d:\datall\datall\cm\instrument\mcu\daq\v2.2207\card\visualgdb\debug\_7_\_library\arm\library\lan\lwip\src\core\def.o
d:\datall\datall\cm\instrument\mcu\daq\v2.2207\card\visualgdb\debug\_7_\_library\arm\library\lan\lwip\src\core\dns.o
d:\datall\datall\cm\instrument\mcu\daq\v2.2207\card\visualgdb\debug\_7_\_library\arm\library\lan\lwip\src\core\inet_chksum.o
d:\datall\datall\cm\instrument\mcu\daq\v2.2207\card\visualgdb\debug\_7_\_library\arm\library\lan\lwip\src\core\init.o
d:\datall\datall\cm\instrument\mcu\daq\v2.2207\card\visualgdb\debug\_7_\_library\arm\library\lan\lwip\src\core\ip.o
d:\datall\datall\cm\instrument\mcu\daq\v2.2207\card\visualgdb\debug\_7_\_library\arm\library\lan\lwip\src\core\mem.o
d:\datall\datall\cm\instrument\mcu\daq\v2.2207\card\visualgdb\debug\_7_\_library\arm\library\lan\lwip\src\core\memp.o
d:\datall\datall\cm\instrument\mcu\daq\v2.2207\card\visualgdb\debug\_7_\_library\arm\library\lan\lwip\src\core\netif.o
d:\datall\datall\cm\instrument\mcu\daq\v2.2207\card\visualgdb\debug\_7_\_library\arm\library\lan\lwip\src\core\pbuf.o
d:\datall\datall\cm\instrument\mcu\daq\v2.2207\card\visualgdb\debug\_7_\_library\arm\library\lan\lwip\src\core\raw.o
d:\datall\datall\cm\instrument\mcu\daq\v2.2207\card\visualgdb\debug\_7_\_library\arm\library\lan\lwip\src\core\stats.o
d:\datall\datall\cm\instrument\mcu\daq\v2.2207\card\visualgdb\debug\_7_\_library\arm\library\lan\lwip\src\core\sys.o
d:\datall\datall\cm\instrument\mcu\daq\v2.2207\card\visualgdb\debug\_7_\_library\arm\library\lan\lwip\src\core\tcp.o
d:\datall\datall\cm\instrument\mcu\daq\v2.2207\card\visualgdb\debug\_7_\_library\arm\library\lan\lwip\src\core\tcp_in.o
d:\datall\datall\cm\instrument\mcu\daq\v2.2207\card\visualgdb\debug\_7_\_library\arm\library\lan\lwip\src\core\tcp_out.o
d:\datall\datall\cm\instrument\mcu\daq\v2.2207\card\visualgdb\debug\_7_\_library\arm\library\lan\lwip\src\core\timeouts.o
d:\datall\datall\cm\instrument\mcu\daq\v2.2207\card\visualgdb\debug\_7_\_library\arm\library\lan\lwip\src\core\udp.o
d:\datall\datall\cm\instrument\mcu\daq\v2.2207\card\visualgdb\debug\_7_\_library\arm\library\lan\lwip\src\core\def.dep
d:\datall\datall\cm\instrument\mcu\daq\v2.2207\card\visualgdb\debug\_7_\_library\arm\library\lan\lwip\src\core\dns.dep
d:\datall\datall\cm\instrument\mcu\daq\v2.2207\card\visualgdb\debug\_7_\_library\arm\library\lan\lwip\src\core\inet_chksum.dep
d:\datall\datall\cm\instrument\mcu\daq\v2.2207\card\visualgdb\debug\_7_\_library\arm\library\lan\lwip\src\core\init.dep
d:\datall\datall\cm\instrument\mcu\daq\v2.2207\card\visualgdb\debug\_7_\_library\arm\library\lan\lwip\src\core\ip.dep
d:\datall\datall\cm\instrument\mcu\daq\v2.2207\card\visualgdb\debug\_7_\_library\arm\library\lan\lwip\src\core\mem.dep
d:\datall\datall\cm\instrument\mcu\daq\v2.2207\card\visualgdb\debug\_7_\_library\arm\library\lan\lwip\src\core\memp.dep
d:\datall\datall\cm\instrument\mcu\daq\v2.2207\card\visualgdb\debug\_7_\_library\arm\library\lan\lwip\src\core\netif.dep
d:\datall\datall\cm\instrument\mcu\daq\v2.2207\card\visualgdb\debug\_7_\_library\arm\library\lan\lwip\src\core\pbuf.dep
d:\datall\datall\cm\instrument\mcu\daq\v2.2207\card\visualgdb\debug\_7_\_library\arm\library\lan\lwip\src\core\raw.dep
d:\datall\datall\cm\instrument\mcu\daq\v2.2207\card\visualgdb\debug\_7_\_library\arm\library\lan\lwip\src\core\stats.dep
d:\datall\datall\cm\instrument\mcu\daq\v2.2207\card\visualgdb\debug\_7_\_library\arm\library\lan\lwip\src\core\sys.dep
d:\datall\datall\cm\instrument\mcu\daq\v2.2207\card\visualgdb\debug\_7_\_library\arm\library\lan\lwip\src\core\tcp.dep
d:\datall\datall\cm\instrument\mcu\daq\v2.2207\card\visualgdb\debug\_7_\_library\arm\library\lan\lwip\src\core\tcp_in.dep
d:\datall\datall\cm\instrument\mcu\daq\v2.2207\card\visualgdb\debug\_7_\_library\arm\library\lan\lwip\src\core\tcp_out.dep
d:\datall\datall\cm\instrument\mcu\daq\v2.2207\card\visualgdb\debug\_7_\_library\arm\library\lan\lwip\src\core\timeouts.dep
d:\datall\datall\cm\instrument\mcu\daq\v2.2207\card\visualgdb\debug\_7_\_library\arm\library\lan\lwip\src\core\udp.dep
d:\datall\datall\cm\instrument\mcu\daq\v2.2207\card\visualgdb\debug\_7_\_library\arm\library\lan\lwip\src\core\def.gcc.rsp
d:\datall\datall\cm\instrument\mcu\daq\v2.2207\card\visualgdb\debug\_7_\_library\arm\library\lan\lwip\src\core\dns.gcc.rsp
d:\datall\datall\cm\instrument\mcu\daq\v2.2207\card\visualgdb\debug\_7_\_library\arm\library\lan\lwip\src\core\inet_chksum.gcc.rsp
d:\datall\datall\cm\instrument\mcu\daq\v2.2207\card\visualgdb\debug\_7_\_library\arm\library\lan\lwip\src\core\init.gcc.rsp
d:\datall\datall\cm\instrument\mcu\daq\v2.2207\card\visualgdb\debug\_7_\_library\arm\library\lan\lwip\src\core\ip.gcc.rsp
d:\datall\datall\cm\instrument\mcu\daq\v2.2207\card\visualgdb\debug\_7_\_library\arm\library\lan\lwip\src\core\mem.gcc.rsp
d:\datall\datall\cm\instrument\mcu\daq\v2.2207\card\visualgdb\debug\_7_\_library\arm\library\lan\lwip\src\core\memp.gcc.rsp
d:\datall\datall\cm\instrument\mcu\daq\v2.2207\card\visualgdb\debug\_7_\_library\arm\library\lan\lwip\src\core\netif.gcc.rsp
d:\datall\datall\cm\instrument\mcu\daq\v2.2207\card\visualgdb\debug\_7_\_library\arm\library\lan\lwip\src\core\pbuf.gcc.rsp
d:\datall\datall\cm\instrument\mcu\daq\v2.2207\card\visualgdb\debug\_7_\_library\arm\library\lan\lwip\src\core\raw.gcc.rsp
d:\datall\datall\cm\instrument\mcu\daq\v2.2207\card\visualgdb\debug\_7_\_library\arm\library\lan\lwip\src\core\stats.gcc.rsp
d:\datall\datall\cm\instrument\mcu\daq\v2.2207\card\visualgdb\debug\_7_\_library\arm\library\lan\lwip\src\core\sys.gcc.rsp
d:\datall\datall\cm\instrument\mcu\daq\v2.2207\card\visualgdb\debug\_7_\_library\arm\library\lan\lwip\src\core\tcp.gcc.rsp
d:\datall\datall\cm\instrument\mcu\daq\v2.2207\card\visualgdb\debug\_7_\_library\arm\library\lan\lwip\src\core\tcp_in.gcc.rsp
d:\datall\datall\cm\instrument\mcu\daq\v2.2207\card\visualgdb\debug\_7_\_library\arm\library\lan\lwip\src\core\tcp_out.gcc.rsp
d:\datall\datall\cm\instrument\mcu\daq\v2.2207\card\visualgdb\debug\_7_\_library\arm\library\lan\lwip\src\core\timeouts.gcc.rsp
d:\datall\datall\cm\instrument\mcu\daq\v2.2207\card\visualgdb\debug\_7_\_library\arm\library\lan\lwip\src\core\udp.gcc.rsp
d:\datall\datall\cm\instrument\mcu\daq\v2.2207\card\visualgdb\debug\_7_\_library\arm\library\lan\lwip\src\core\ipv4\autoip.o
d:\datall\datall\cm\instrument\mcu\daq\v2.2207\card\visualgdb\debug\_7_\_library\arm\library\lan\lwip\src\core\ipv4\dhcp.o
d:\datall\datall\cm\instrument\mcu\daq\v2.2207\card\visualgdb\debug\_7_\_library\arm\library\lan\lwip\src\core\ipv4\etharp.o
d:\datall\datall\cm\instrument\mcu\daq\v2.2207\card\visualgdb\debug\_7_\_library\arm\library\lan\lwip\src\core\ipv4\icmp.o
d:\datall\datall\cm\instrument\mcu\daq\v2.2207\card\visualgdb\debug\_7_\_library\arm\library\lan\lwip\src\core\ipv4\igmp.o
d:\datall\datall\cm\instrument\mcu\daq\v2.2207\card\visualgdb\debug\_7_\_library\arm\library\lan\lwip\src\core\ipv4\ip4.o
d:\datall\datall\cm\instrument\mcu\daq\v2.2207\card\visualgdb\debug\_7_\_library\arm\library\lan\lwip\src\core\ipv4\ip4_addr.o
d:\datall\datall\cm\instrument\mcu\daq\v2.2207\card\visualgdb\debug\_7_\_library\arm\library\lan\lwip\src\core\ipv4\ip4_frag.o
d:\datall\datall\cm\instrument\mcu\daq\v2.2207\card\visualgdb\debug\_7_\_library\arm\library\lan\lwip\src\core\ipv4\autoip.dep
d:\datall\datall\cm\instrument\mcu\daq\v2.2207\card\visualgdb\debug\_7_\_library\arm\library\lan\lwip\src\core\ipv4\dhcp.dep
d:\datall\datall\cm\instrument\mcu\daq\v2.2207\card\visualgdb\debug\_7_\_library\arm\library\lan\lwip\src\core\ipv4\etharp.dep
d:\datall\datall\cm\instrument\mcu\daq\v2.2207\card\visualgdb\debug\_7_\_library\arm\library\lan\lwip\src\core\ipv4\icmp.dep
d:\datall\datall\cm\instrument\mcu\daq\v2.2207\card\visualgdb\debug\_7_\_library\arm\library\lan\lwip\src\core\ipv4\igmp.dep
d:\datall\datall\cm\instrument\mcu\daq\v2.2207\card\visualgdb\debug\_7_\_library\arm\library\lan\lwip\src\core\ipv4\ip4.dep
d:\datall\datall\cm\instrument\mcu\daq\v2.2207\card\visualgdb\debug\_7_\_library\arm\library\lan\lwip\src\core\ipv4\ip4_addr.dep
d:\datall\datall\cm\instrument\mcu\daq\v2.2207\card\visualgdb\debug\_7_\_library\arm\library\lan\lwip\src\core\ipv4\ip4_frag.dep
d:\datall\datall\cm\instrument\mcu\daq\v2.2207\card\visualgdb\debug\_7_\_library\arm\library\lan\lwip\src\core\ipv4\autoip.gcc.rsp
d:\datall\datall\cm\instrument\mcu\daq\v2.2207\card\visualgdb\debug\_7_\_library\arm\library\lan\lwip\src\core\ipv4\dhcp.gcc.rsp
d:\datall\datall\cm\instrument\mcu\daq\v2.2207\card\visualgdb\debug\_7_\_library\arm\library\lan\lwip\src\core\ipv4\etharp.gcc.rsp
d:\datall\datall\cm\instrument\mcu\daq\v2.2207\card\visualgdb\debug\_7_\_library\arm\library\lan\lwip\src\core\ipv4\icmp.gcc.rsp
d:\datall\datall\cm\instrument\mcu\daq\v2.2207\card\visualgdb\debug\_7_\_library\arm\library\lan\lwip\src\core\ipv4\igmp.gcc.rsp
d:\datall\datall\cm\instrument\mcu\daq\v2.2207\card\visualgdb\debug\_7_\_library\arm\library\lan\lwip\src\core\ipv4\ip4.gcc.rsp
d:\datall\datall\cm\instrument\mcu\daq\v2.2207\card\visualgdb\debug\_7_\_library\arm\library\lan\lwip\src\core\ipv4\ip4_addr.gcc.rsp
d:\datall\datall\cm\instrument\mcu\daq\v2.2207\card\visualgdb\debug\_7_\_library\arm\library\lan\lwip\src\core\ipv4\ip4_frag.gcc.rsp
d:\datall\datall\cm\instrument\mcu\daq\v2.2207\card\visualgdb\debug\_7_\_library\arm\library\lan\lwip\src\netif\ethernet.o
d:\datall\datall\cm\instrument\mcu\daq\v2.2207\card\visualgdb\debug\_7_\_library\arm\library\lan\lwip\src\netif\lowpan6.o
d:\datall\datall\cm\instrument\mcu\daq\v2.2207\card\visualgdb\debug\_7_\_library\arm\library\lan\lwip\src\netif\ethernet.dep
d:\datall\datall\cm\instrument\mcu\daq\v2.2207\card\visualgdb\debug\_7_\_library\arm\library\lan\lwip\src\netif\lowpan6.dep
d:\datall\datall\cm\instrument\mcu\daq\v2.2207\card\visualgdb\debug\_7_\_library\arm\library\lan\lwip\src\netif\ethernet.gcc.rsp
d:\datall\datall\cm\instrument\mcu\daq\v2.2207\card\visualgdb\debug\_7_\_library\arm\library\lan\lwip\src\netif\lowpan6.gcc.rsp
d:\datall\datall\cm\instrument\mcu\daq\v2.2207\card\visualgdb\debug\_7_\_library\arm\library\lan\lwip\system\os\sys_arch.o
d:\datall\datall\cm\instrument\mcu\daq\v2.2207\card\visualgdb\debug\_7_\_library\arm\library\lan\lwip\system\os\sys_arch.dep
d:\datall\datall\cm\instrument\mcu\daq\v2.2207\card\visualgdb\debug\_7_\_library\arm\library\lan\lwip\system\os\sys_arch.gcc.rsp
d:\datall\datall\cm\instrument\mcu\daq\v2.2207\card\visualgdb\debug\__bsp_root__\freertos\source\portable\gcc\arm_cm7\r0p1\port.o
d:\datall\datall\cm\instrument\mcu\daq\v2.2207\card\visualgdb\debug\__bsp_root__\freertos\source\portable\gcc\arm_cm7\r0p1\port.dep
d:\datall\datall\cm\instrument\mcu\daq\v2.2207\card\visualgdb\debug\__bsp_root__\freertos\source\portable\gcc\arm_cm7\r0p1\port.gcc.rsp
